15:23:16.788 INFO - Selenium build info: version: '3.7.1', revision: '8a0099a'
15:23:16.788 INFO - Launching a standalone Selenium Server
2018-02-14 15:23:16.812:INFO::main: Logging initialized @224ms to org.seleniumhq.jetty9.util.log.StdErrLog
15:23:16.856 INFO - Driver class not found: com.opera.core.systems.OperaDriver
15:23:16.887 INFO - Driver provider class org.openqa.selenium.ie.InternetExplorerDriver registration is skipped:
 registration capabilities Capabilities {browserName: internet explorer, ensureCleanSession: true, platform: WINDOWS, version: } does not match the current platform MAC
15:23:16.888 INFO - Driver provider class org.openqa.selenium.edge.EdgeDriver registration is skipped:
 registration capabilities Capabilities {browserName: MicrosoftEdge, platform: WINDOWS, version: } does not match the current platform MAC
15:23:16.928 INFO - Using the passthrough mode handler
2018-02-14 15:23:16.953:INFO:osjs.Server:main: jetty-9.4.5.v20170502
2018-02-14 15:23:16.977:WARN:osjs.SecurityHandler:main: ServletContext@o.s.j.s.ServletContextHandler@ea1a8d5{/,null,STARTING} has uncovered http methods for path: /
2018-02-14 15:23:16.981:INFO:osjsh.ContextHandler:main: Started o.s.j.s.ServletContextHandler@ea1a8d5{/,null,AVAILABLE}
2018-02-14 15:23:17.014:INFO:osjs.AbstractConnector:main: Started ServerConnector@1b65f9dd{HTTP/1.1,[http/1.1]}{0.0.0.0:2234}
2018-02-14 15:23:17.015:INFO:osjs.Server:main: Started @427ms
15:23:17.015 INFO - Selenium Server is up and running
2018-02-14 15:23:17.138:INFO:osjshC.ROOT:qtp1763847188-11: org.openqa.selenium.remote.server.WebDriverServlet-6fc6f14e: Initialising WebDriverServlet
15:23:17.174 INFO - Found handler: org.openqa.selenium.remote.server.commandhandler.BeginSession@75e2bed7
15:23:17.177 INFO - /session: Executing POST on /session (handler: BeginSession)
15:23:17.225 INFO - Capabilities are: Capabilities {acceptSslCerts: true, browserName: chrome, javascriptEnabled: true, name: User Interaction Test}
15:23:17.227 INFO - Capabilities {acceptSslCerts: true, browserName: chrome, javascriptEnabled: true, name: User Interaction Test} matched class org.openqa.selenium.remote.server.ServicedSession$Factory (provider: org.openqa.selenium.chrome.ChromeDriverService)
Starting ChromeDriver 2.33.506106 (8a06c39c4582fbfbab6966dbb1c38a9173bfb1a2) on port 9166
Only local connections are allowed.
15:23:18.296 INFO - Detected dialect: OSS
15:23:18.622 INFO - Found handler: org.openqa.selenium.remote.server.ServicedSession@28a94154
15:23:18.622 INFO - Handler thread for session bb616023bfc9b98ca774bc0c72bb0e4e (chrome): Executing POST on /session/bb616023bfc9b98ca774bc0c72bb0e4e/url (handler: ServicedSession)
15:23:18.626 INFO - To upstream: {"url":"http://localhost:3000"}
15:23:20.828 INFO - To downstream: {"sessionId":"bb616023bfc9b98ca774bc0c72bb0e4e","status":0,"value":null}
15:23:20.834 INFO - Found handler: org.openqa.selenium.remote.server.ServicedSession@28a94154
15:23:20.834 INFO - Handler thread for session bb616023bfc9b98ca774bc0c72bb0e4e (chrome): Executing POST on /session/bb616023bfc9b98ca774bc0c72bb0e4e/window/current/size (handler: ServicedSession)
15:23:20.836 INFO - To upstream: {"width":1700,"height":800}
15:23:21.074 INFO - To downstream: {"sessionId":"bb616023bfc9b98ca774bc0c72bb0e4e","status":0,"value":null}
15:23:22.085 INFO - Found handler: org.openqa.selenium.remote.server.ServicedSession@28a94154
15:23:22.085 INFO - Handler thread for session bb616023bfc9b98ca774bc0c72bb0e4e (chrome): Executing POST on /session/bb616023bfc9b98ca774bc0c72bb0e4e/execute (handler: ServicedSession)
15:23:22.086 INFO - To upstream: {"script":"var passedArgs = Array.prototype.slice.call(arguments,0); return () => {\n        document.querySelector('#Sign-Up-Form').click();\n      }.apply(window, passedArgs);","args":[]}
15:23:22.091 INFO - To downstream: {"sessionId":"bb616023bfc9b98ca774bc0c72bb0e4e","status":13,"value":{"message":"unknown error: Runtime.evaluate threw exception: SyntaxError: Unexpected token .\n  (Session info: chrome=64.0.3282.167)\n  (Driver info: chromedriver=2.33.506106 (8a06c39c4582fbfbab6966dbb1c38a9173bfb1a2),platform=Mac OS X 10.13.1 x86_64)"}}
15:23:22.095 INFO - Found handler: org.openqa.selenium.remote.server.ServicedSession@28a94154
15:23:22.095 INFO - Handler thread for session bb616023bfc9b98ca774bc0c72bb0e4e (chrome): Executing POST on /session/bb616023bfc9b98ca774bc0c72bb0e4e/element (handler: ServicedSession)
15:23:22.096 INFO - To upstream: {"using":"css selector","value":"input[name=username]"}
15:23:22.106 INFO - To downstream: {"sessionId":"bb616023bfc9b98ca774bc0c72bb0e4e","status":0,"value":{"ELEMENT":"0.1467489173830545-1"}}
15:23:22.109 INFO - Found handler: org.openqa.selenium.remote.server.ServicedSession@28a94154
15:23:22.109 INFO - Handler thread for session bb616023bfc9b98ca774bc0c72bb0e4e (chrome): Executing POST on /session/bb616023bfc9b98ca774bc0c72bb0e4e/element/0.1467489173830545-1/value (handler: ServicedSession)
15:23:22.110 INFO - To upstream: {"value":["s","h","a","r","o","n","e","t","t","e"]}
15:23:22.241 INFO - To downstream: {"sessionId":"bb616023bfc9b98ca774bc0c72bb0e4e","status":0,"value":null}
15:23:23.247 INFO - Found handler: org.openqa.selenium.remote.server.ServicedSession@28a94154
15:23:23.247 INFO - Handler thread for session bb616023bfc9b98ca774bc0c72bb0e4e (chrome): Executing POST on /session/bb616023bfc9b98ca774bc0c72bb0e4e/element (handler: ServicedSession)
15:23:23.249 INFO - To upstream: {"using":"css selector","value":"#submit-button"}
15:23:23.263 INFO - To downstream: {"sessionId":"bb616023bfc9b98ca774bc0c72bb0e4e","status":0,"value":{"ELEMENT":"0.1467489173830545-2"}}
15:23:23.266 INFO - Found handler: org.openqa.selenium.remote.server.ServicedSession@28a94154
15:23:23.267 INFO - Handler thread for session bb616023bfc9b98ca774bc0c72bb0e4e (chrome): Executing POST on /session/bb616023bfc9b98ca774bc0c72bb0e4e/element/0.1467489173830545-2/click (handler: ServicedSession)
15:23:23.267 INFO - To upstream: 
15:23:23.302 INFO - To downstream: {"sessionId":"bb616023bfc9b98ca774bc0c72bb0e4e","status":0,"value":null}
15:23:23.305 INFO - Found handler: org.openqa.selenium.remote.server.ServicedSession@28a94154
15:23:23.305 INFO - Handler thread for session bb616023bfc9b98ca774bc0c72bb0e4e (chrome): Executing POST on /session/bb616023bfc9b98ca774bc0c72bb0e4e/element (handler: ServicedSession)
15:23:23.306 INFO - To upstream: {"using":"css selector","value":".help-block"}
15:23:23.323 INFO - To downstream: {"sessionId":"bb616023bfc9b98ca774bc0c72bb0e4e","status":0,"value":{"ELEMENT":"0.1467489173830545-3"}}
15:23:23.331 INFO - Found handler: org.openqa.selenium.remote.server.ServicedSession@28a94154
15:23:23.331 INFO - Handler thread for session bb616023bfc9b98ca774bc0c72bb0e4e (chrome): Executing GET on /session/bb616023bfc9b98ca774bc0c72bb0e4e/element/0.1467489173830545-3/text (handler: ServicedSession)
15:23:23.349 INFO - To downstream: {"sessionId":"bb616023bfc9b98ca774bc0c72bb0e4e","status":0,"value":"Email is Invalid"}
15:23:25.359 INFO - Found handler: org.openqa.selenium.remote.server.ServicedSession@28a94154
15:23:25.359 INFO - Handler thread for session bb616023bfc9b98ca774bc0c72bb0e4e (chrome): Executing POST on /session/bb616023bfc9b98ca774bc0c72bb0e4e/element (handler: ServicedSession)
15:23:25.360 INFO - To upstream: {"using":"css selector","value":"input[name=email]"}
15:23:25.371 INFO - To downstream: {"sessionId":"bb616023bfc9b98ca774bc0c72bb0e4e","status":0,"value":{"ELEMENT":"0.1467489173830545-4"}}
15:23:25.374 INFO - Found handler: org.openqa.selenium.remote.server.ServicedSession@28a94154
15:23:25.374 INFO - Handler thread for session bb616023bfc9b98ca774bc0c72bb0e4e (chrome): Executing POST on /session/bb616023bfc9b98ca774bc0c72bb0e4e/element/0.1467489173830545-4/value (handler: ServicedSession)
15:23:25.375 INFO - To upstream: {"value":["s","h","a","r","r","o","n","@","e","x","m","a","p","l","e",".","c","o","m"]}
15:23:25.522 INFO - To downstream: {"sessionId":"bb616023bfc9b98ca774bc0c72bb0e4e","status":0,"value":null}
15:23:25.526 INFO - Found handler: org.openqa.selenium.remote.server.ServicedSession@28a94154
15:23:25.526 INFO - Handler thread for session bb616023bfc9b98ca774bc0c72bb0e4e (chrome): Executing POST on /session/bb616023bfc9b98ca774bc0c72bb0e4e/element (handler: ServicedSession)
15:23:25.527 INFO - To upstream: {"using":"css selector","value":".help-block"}
15:23:25.534 INFO - To downstream: {"sessionId":"bb616023bfc9b98ca774bc0c72bb0e4e","status":0,"value":{"ELEMENT":"0.1467489173830545-3"}}
15:23:25.536 INFO - Found handler: org.openqa.selenium.remote.server.ServicedSession@28a94154
15:23:25.537 INFO - Handler thread for session bb616023bfc9b98ca774bc0c72bb0e4e (chrome): Executing GET on /session/bb616023bfc9b98ca774bc0c72bb0e4e/element/0.1467489173830545-3/text (handler: ServicedSession)
15:23:25.546 INFO - To downstream: {"sessionId":"bb616023bfc9b98ca774bc0c72bb0e4e","status":0,"value":"Email is Invalid"}
15:23:25.550 INFO - Found handler: org.openqa.selenium.remote.server.ServicedSession@28a94154
15:23:25.550 INFO - Handler thread for session bb616023bfc9b98ca774bc0c72bb0e4e (chrome): Executing POST on /session/bb616023bfc9b98ca774bc0c72bb0e4e/element (handler: ServicedSession)
15:23:25.552 INFO - To upstream: {"using":"css selector","value":"#submit-button"}
15:23:25.556 INFO - To downstream: {"sessionId":"bb616023bfc9b98ca774bc0c72bb0e4e","status":0,"value":{"ELEMENT":"0.1467489173830545-2"}}
15:23:25.558 INFO - Found handler: org.openqa.selenium.remote.server.ServicedSession@28a94154
15:23:25.559 INFO - Handler thread for session bb616023bfc9b98ca774bc0c72bb0e4e (chrome): Executing POST on /session/bb616023bfc9b98ca774bc0c72bb0e4e/element/0.1467489173830545-2/click (handler: ServicedSession)
15:23:25.559 INFO - To upstream: 
15:23:25.589 INFO - To downstream: {"sessionId":"bb616023bfc9b98ca774bc0c72bb0e4e","status":0,"value":null}
15:23:27.594 INFO - Found handler: org.openqa.selenium.remote.server.ServicedSession@28a94154
15:23:27.594 INFO - Handler thread for session bb616023bfc9b98ca774bc0c72bb0e4e (chrome): Executing POST on /session/bb616023bfc9b98ca774bc0c72bb0e4e/element (handler: ServicedSession)
15:23:27.596 INFO - To upstream: {"using":"css selector","value":"input[name=password]"}
15:23:27.607 INFO - To downstream: {"sessionId":"bb616023bfc9b98ca774bc0c72bb0e4e","status":0,"value":{"ELEMENT":"0.1467489173830545-5"}}
15:23:27.609 INFO - Found handler: org.openqa.selenium.remote.server.ServicedSession@28a94154
15:23:27.609 INFO - Handler thread for session bb616023bfc9b98ca774bc0c72bb0e4e (chrome): Executing POST on /session/bb616023bfc9b98ca774bc0c72bb0e4e/element/0.1467489173830545-5/value (handler: ServicedSession)
15:23:27.610 INFO - To upstream: {"value":["l","o","v","e","l","a","c","e"]}
15:23:27.692 INFO - To downstream: {"sessionId":"bb616023bfc9b98ca774bc0c72bb0e4e","status":0,"value":null}
15:23:27.696 INFO - Found handler: org.openqa.selenium.remote.server.ServicedSession@28a94154
15:23:27.696 INFO - Handler thread for session bb616023bfc9b98ca774bc0c72bb0e4e (chrome): Executing POST on /session/bb616023bfc9b98ca774bc0c72bb0e4e/element (handler: ServicedSession)
15:23:27.697 INFO - To upstream: {"using":"css selector","value":".help-block"}
15:23:27.702 INFO - To downstream: {"sessionId":"bb616023bfc9b98ca774bc0c72bb0e4e","status":0,"value":{"ELEMENT":"0.1467489173830545-6"}}
15:23:27.705 INFO - Found handler: org.openqa.selenium.remote.server.ServicedSession@28a94154
15:23:27.706 INFO - Handler thread for session bb616023bfc9b98ca774bc0c72bb0e4e (chrome): Executing GET on /session/bb616023bfc9b98ca774bc0c72bb0e4e/element/0.1467489173830545-6/text (handler: ServicedSession)
15:23:27.718 INFO - To downstream: {"sessionId":"bb616023bfc9b98ca774bc0c72bb0e4e","status":0,"value":"This field is required"}
15:23:27.722 INFO - Found handler: org.openqa.selenium.remote.server.ServicedSession@28a94154
15:23:27.722 INFO - Handler thread for session bb616023bfc9b98ca774bc0c72bb0e4e (chrome): Executing POST on /session/bb616023bfc9b98ca774bc0c72bb0e4e/element (handler: ServicedSession)
15:23:27.724 INFO - To upstream: {"using":"css selector","value":"#submit-button"}
15:23:27.729 INFO - To downstream: {"sessionId":"bb616023bfc9b98ca774bc0c72bb0e4e","status":0,"value":{"ELEMENT":"0.1467489173830545-2"}}
15:23:27.732 INFO - Found handler: org.openqa.selenium.remote.server.ServicedSession@28a94154
15:23:27.732 INFO - Handler thread for session bb616023bfc9b98ca774bc0c72bb0e4e (chrome): Executing POST on /session/bb616023bfc9b98ca774bc0c72bb0e4e/element/0.1467489173830545-2/click (handler: ServicedSession)
15:23:27.733 INFO - To upstream: 
15:23:27.769 INFO - To downstream: {"sessionId":"bb616023bfc9b98ca774bc0c72bb0e4e","status":0,"value":null}
15:23:30.778 INFO - Found handler: org.openqa.selenium.remote.server.ServicedSession@28a94154
15:23:30.778 INFO - Handler thread for session bb616023bfc9b98ca774bc0c72bb0e4e (chrome): Executing POST on /session/bb616023bfc9b98ca774bc0c72bb0e4e/element (handler: ServicedSession)
15:23:30.780 INFO - To upstream: {"using":"css selector","value":"input[name=passwordConfirmation"}
15:23:30.792 INFO - To downstream: {"sessionId":"bb616023bfc9b98ca774bc0c72bb0e4e","status":0,"value":{"ELEMENT":"0.1467489173830545-7"}}
15:23:30.794 INFO - Found handler: org.openqa.selenium.remote.server.ServicedSession@28a94154
15:23:30.795 INFO - Handler thread for session bb616023bfc9b98ca774bc0c72bb0e4e (chrome): Executing POST on /session/bb616023bfc9b98ca774bc0c72bb0e4e/element/0.1467489173830545-7/value (handler: ServicedSession)
15:23:30.796 INFO - To upstream: {"value":["l","o","z","z","v","e","l","a","c","e"]}
15:23:30.879 INFO - To downstream: {"sessionId":"bb616023bfc9b98ca774bc0c72bb0e4e","status":0,"value":null}
15:23:30.882 INFO - Found handler: org.openqa.selenium.remote.server.ServicedSession@28a94154
15:23:30.882 INFO - Handler thread for session bb616023bfc9b98ca774bc0c72bb0e4e (chrome): Executing POST on /session/bb616023bfc9b98ca774bc0c72bb0e4e/element (handler: ServicedSession)
15:23:30.883 INFO - To upstream: {"using":"css selector","value":"#submit-button"}
15:23:30.893 INFO - To downstream: {"sessionId":"bb616023bfc9b98ca774bc0c72bb0e4e","status":0,"value":{"ELEMENT":"0.1467489173830545-2"}}
15:23:30.897 INFO - Found handler: org.openqa.selenium.remote.server.ServicedSession@28a94154
15:23:30.897 INFO - Handler thread for session bb616023bfc9b98ca774bc0c72bb0e4e (chrome): Executing POST on /session/bb616023bfc9b98ca774bc0c72bb0e4e/element/0.1467489173830545-2/click (handler: ServicedSession)
15:23:30.898 INFO - To upstream: 
15:23:30.952 INFO - To downstream: {"sessionId":"bb616023bfc9b98ca774bc0c72bb0e4e","status":0,"value":null}
15:23:30.955 INFO - Found handler: org.openqa.selenium.remote.server.ServicedSession@28a94154
15:23:30.955 INFO - Handler thread for session bb616023bfc9b98ca774bc0c72bb0e4e (chrome): Executing POST on /session/bb616023bfc9b98ca774bc0c72bb0e4e/element (handler: ServicedSession)
15:23:30.957 INFO - To upstream: {"using":"css selector","value":".help-block"}
15:23:30.967 INFO - To downstream: {"sessionId":"bb616023bfc9b98ca774bc0c72bb0e4e","status":0,"value":{"ELEMENT":"0.1467489173830545-8"}}
15:23:30.969 INFO - Found handler: org.openqa.selenium.remote.server.ServicedSession@28a94154
15:23:30.969 INFO - Handler thread for session bb616023bfc9b98ca774bc0c72bb0e4e (chrome): Executing GET on /session/bb616023bfc9b98ca774bc0c72bb0e4e/element/0.1467489173830545-8/text (handler: ServicedSession)
15:23:30.984 INFO - To downstream: {"sessionId":"bb616023bfc9b98ca774bc0c72bb0e4e","status":0,"value":"Password must match"}
15:23:31.993 INFO - Found handler: org.openqa.selenium.remote.server.ServicedSession@28a94154
15:23:31.993 INFO - Handler thread for session bb616023bfc9b98ca774bc0c72bb0e4e (chrome): Executing POST on /session/bb616023bfc9b98ca774bc0c72bb0e4e/url (handler: ServicedSession)
15:23:31.994 INFO - To upstream: {"url":"http://localhost:3000"}
15:23:32.652 INFO - To downstream: {"sessionId":"bb616023bfc9b98ca774bc0c72bb0e4e","status":0,"value":null}
15:23:33.658 INFO - Found handler: org.openqa.selenium.remote.server.ServicedSession@28a94154
15:23:33.658 INFO - Handler thread for session bb616023bfc9b98ca774bc0c72bb0e4e (chrome): Executing POST on /session/bb616023bfc9b98ca774bc0c72bb0e4e/execute (handler: ServicedSession)
15:23:33.659 INFO - To upstream: {"script":"var passedArgs = Array.prototype.slice.call(arguments,0); return () => {\n        document.querySelector('#Sign-Up-Form').click();\n      }.apply(window, passedArgs);","args":[]}
15:23:33.664 INFO - To downstream: {"sessionId":"bb616023bfc9b98ca774bc0c72bb0e4e","status":13,"value":{"message":"unknown error: Runtime.evaluate threw exception: SyntaxError: Unexpected token .\n  (Session info: chrome=64.0.3282.167)\n  (Driver info: chromedriver=2.33.506106 (8a06c39c4582fbfbab6966dbb1c38a9173bfb1a2),platform=Mac OS X 10.13.1 x86_64)"}}
15:23:33.667 INFO - Found handler: org.openqa.selenium.remote.server.ServicedSession@28a94154
15:23:33.667 INFO - Handler thread for session bb616023bfc9b98ca774bc0c72bb0e4e (chrome): Executing POST on /session/bb616023bfc9b98ca774bc0c72bb0e4e/element (handler: ServicedSession)
15:23:33.668 INFO - To upstream: {"using":"css selector","value":"input[name=username]"}
15:23:33.678 INFO - To downstream: {"sessionId":"bb616023bfc9b98ca774bc0c72bb0e4e","status":0,"value":{"ELEMENT":"0.09685510437782652-1"}}
15:23:33.681 INFO - Found handler: org.openqa.selenium.remote.server.ServicedSession@28a94154
15:23:33.681 INFO - Handler thread for session bb616023bfc9b98ca774bc0c72bb0e4e (chrome): Executing POST on /session/bb616023bfc9b98ca774bc0c72bb0e4e/element/0.09685510437782652-1/value (handler: ServicedSession)
15:23:33.683 INFO - To upstream: {"value":["l","o","v","e","l","a","c","e"]}
15:23:33.765 INFO - To downstream: {"sessionId":"bb616023bfc9b98ca774bc0c72bb0e4e","status":0,"value":null}
15:23:33.767 INFO - Found handler: org.openqa.selenium.remote.server.ServicedSession@28a94154
15:23:33.767 INFO - Handler thread for session bb616023bfc9b98ca774bc0c72bb0e4e (chrome): Executing POST on /session/bb616023bfc9b98ca774bc0c72bb0e4e/element (handler: ServicedSession)
15:23:33.768 INFO - To upstream: {"using":"css selector","value":"input[name=email]"}
15:23:33.778 INFO - To downstream: {"sessionId":"bb616023bfc9b98ca774bc0c72bb0e4e","status":0,"value":{"ELEMENT":"0.09685510437782652-2"}}
15:23:33.781 INFO - Found handler: org.openqa.selenium.remote.server.ServicedSession@28a94154
15:23:33.781 INFO - Handler thread for session bb616023bfc9b98ca774bc0c72bb0e4e (chrome): Executing POST on /session/bb616023bfc9b98ca774bc0c72bb0e4e/element/0.09685510437782652-2/value (handler: ServicedSession)
15:23:33.782 INFO - To upstream: {"value":["l","o","v","e","l","a","c","e","@","e","x","m","a","p","l","e",".","c","o","m"]}
15:23:33.925 INFO - To downstream: {"sessionId":"bb616023bfc9b98ca774bc0c72bb0e4e","status":0,"value":null}
15:23:33.927 INFO - Found handler: org.openqa.selenium.remote.server.ServicedSession@28a94154
15:23:33.927 INFO - Handler thread for session bb616023bfc9b98ca774bc0c72bb0e4e (chrome): Executing POST on /session/bb616023bfc9b98ca774bc0c72bb0e4e/element (handler: ServicedSession)
15:23:33.928 INFO - To upstream: {"using":"css selector","value":"input[name=password]"}
15:23:33.937 INFO - To downstream: {"sessionId":"bb616023bfc9b98ca774bc0c72bb0e4e","status":0,"value":{"ELEMENT":"0.09685510437782652-3"}}
15:23:33.939 INFO - Found handler: org.openqa.selenium.remote.server.ServicedSession@28a94154
15:23:33.939 INFO - Handler thread for session bb616023bfc9b98ca774bc0c72bb0e4e (chrome): Executing POST on /session/bb616023bfc9b98ca774bc0c72bb0e4e/element/0.09685510437782652-3/value (handler: ServicedSession)
15:23:33.940 INFO - To upstream: {"value":["l","o","v","e","l","a","c","e"]}
15:23:34.001 INFO - To downstream: {"sessionId":"bb616023bfc9b98ca774bc0c72bb0e4e","status":0,"value":null}
15:23:34.004 INFO - Found handler: org.openqa.selenium.remote.server.ServicedSession@28a94154
15:23:34.004 INFO - Handler thread for session bb616023bfc9b98ca774bc0c72bb0e4e (chrome): Executing POST on /session/bb616023bfc9b98ca774bc0c72bb0e4e/element (handler: ServicedSession)
15:23:34.006 INFO - To upstream: {"using":"css selector","value":"input[name=passwordConfirmation"}
15:23:34.017 INFO - To downstream: {"sessionId":"bb616023bfc9b98ca774bc0c72bb0e4e","status":0,"value":{"ELEMENT":"0.09685510437782652-4"}}
15:23:34.019 INFO - Found handler: org.openqa.selenium.remote.server.ServicedSession@28a94154
15:23:34.019 INFO - Handler thread for session bb616023bfc9b98ca774bc0c72bb0e4e (chrome): Executing POST on /session/bb616023bfc9b98ca774bc0c72bb0e4e/element/0.09685510437782652-4/value (handler: ServicedSession)
15:23:34.020 INFO - To upstream: {"value":["l","o","v","e","l","a","c","e"]}
15:23:34.081 INFO - To downstream: {"sessionId":"bb616023bfc9b98ca774bc0c72bb0e4e","status":0,"value":null}
15:23:35.088 INFO - Found handler: org.openqa.selenium.remote.server.ServicedSession@28a94154
15:23:35.089 INFO - Handler thread for session bb616023bfc9b98ca774bc0c72bb0e4e (chrome): Executing POST on /session/bb616023bfc9b98ca774bc0c72bb0e4e/element (handler: ServicedSession)
15:23:35.090 INFO - To upstream: {"using":"css selector","value":"#submit-button"}
15:23:35.101 INFO - To downstream: {"sessionId":"bb616023bfc9b98ca774bc0c72bb0e4e","status":0,"value":{"ELEMENT":"0.09685510437782652-5"}}
15:23:35.104 INFO - Found handler: org.openqa.selenium.remote.server.ServicedSession@28a94154
15:23:35.104 INFO - Handler thread for session bb616023bfc9b98ca774bc0c72bb0e4e (chrome): Executing POST on /session/bb616023bfc9b98ca774bc0c72bb0e4e/element/0.09685510437782652-5/click (handler: ServicedSession)
15:23:35.104 INFO - To upstream: 
15:23:35.149 INFO - To downstream: {"sessionId":"bb616023bfc9b98ca774bc0c72bb0e4e","status":0,"value":null}
15:23:36.155 INFO - Found handler: org.openqa.selenium.remote.server.ServicedSession@28a94154
15:23:36.155 INFO - Handler thread for session bb616023bfc9b98ca774bc0c72bb0e4e (chrome): Executing POST on /session/bb616023bfc9b98ca774bc0c72bb0e4e/url (handler: ServicedSession)
15:23:36.156 INFO - To upstream: {"url":"http://localhost:3000"}
15:23:36.878 INFO - To downstream: {"sessionId":"bb616023bfc9b98ca774bc0c72bb0e4e","status":0,"value":null}
15:23:37.884 INFO - Found handler: org.openqa.selenium.remote.server.ServicedSession@28a94154
15:23:37.884 INFO - Handler thread for session bb616023bfc9b98ca774bc0c72bb0e4e (chrome): Executing POST on /session/bb616023bfc9b98ca774bc0c72bb0e4e/element (handler: ServicedSession)
15:23:37.886 INFO - To upstream: {"using":"css selector","value":".nav-item.dropdown.show-large"}
15:23:37.897 INFO - To downstream: {"sessionId":"bb616023bfc9b98ca774bc0c72bb0e4e","status":0,"value":{"ELEMENT":"0.767785983851264-1"}}
15:23:37.899 INFO - Found handler: org.openqa.selenium.remote.server.ServicedSession@28a94154
15:23:37.900 INFO - Handler thread for session bb616023bfc9b98ca774bc0c72bb0e4e (chrome): Executing POST on /session/bb616023bfc9b98ca774bc0c72bb0e4e/element/0.767785983851264-1/click (handler: ServicedSession)
15:23:37.900 INFO - To upstream: 
15:23:37.938 INFO - To downstream: {"sessionId":"bb616023bfc9b98ca774bc0c72bb0e4e","status":0,"value":null}
15:23:38.943 INFO - Found handler: org.openqa.selenium.remote.server.ServicedSession@28a94154
15:23:38.943 INFO - Handler thread for session bb616023bfc9b98ca774bc0c72bb0e4e (chrome): Executing POST on /session/bb616023bfc9b98ca774bc0c72bb0e4e/element (handler: ServicedSession)
15:23:38.945 INFO - To upstream: {"using":"css selector","value":"#log-out-link"}
15:23:38.957 INFO - To downstream: {"sessionId":"bb616023bfc9b98ca774bc0c72bb0e4e","status":0,"value":{"ELEMENT":"0.767785983851264-2"}}
15:23:38.959 INFO - Found handler: org.openqa.selenium.remote.server.ServicedSession@28a94154
15:23:38.959 INFO - Handler thread for session bb616023bfc9b98ca774bc0c72bb0e4e (chrome): Executing POST on /session/bb616023bfc9b98ca774bc0c72bb0e4e/element/0.767785983851264-2/click (handler: ServicedSession)
15:23:38.960 INFO - To upstream: 
15:23:39.009 INFO - To downstream: {"sessionId":"bb616023bfc9b98ca774bc0c72bb0e4e","status":0,"value":null}
15:23:41.015 INFO - Found handler: org.openqa.selenium.remote.server.ServicedSession@28a94154
15:23:41.015 INFO - Handler thread for session bb616023bfc9b98ca774bc0c72bb0e4e (chrome): Executing POST on /session/bb616023bfc9b98ca774bc0c72bb0e4e/url (handler: ServicedSession)
15:23:41.016 INFO - To upstream: {"url":"http://localhost:3000"}
15:23:41.333 INFO - To downstream: {"sessionId":"bb616023bfc9b98ca774bc0c72bb0e4e","status":0,"value":null}
15:23:42.343 INFO - Found handler: org.openqa.selenium.remote.server.ServicedSession@28a94154
15:23:42.343 INFO - Handler thread for session bb616023bfc9b98ca774bc0c72bb0e4e (chrome): Executing POST on /session/bb616023bfc9b98ca774bc0c72bb0e4e/element (handler: ServicedSession)
15:23:42.345 INFO - To upstream: {"using":"css selector","value":"#sign-in-link"}
15:23:42.356 INFO - To downstream: {"sessionId":"bb616023bfc9b98ca774bc0c72bb0e4e","status":0,"value":{"ELEMENT":"0.3779820528905602-1"}}
15:23:42.359 INFO - Found handler: org.openqa.selenium.remote.server.ServicedSession@28a94154
15:23:42.359 INFO - Handler thread for session bb616023bfc9b98ca774bc0c72bb0e4e (chrome): Executing POST on /session/bb616023bfc9b98ca774bc0c72bb0e4e/element/0.3779820528905602-1/click (handler: ServicedSession)
15:23:42.360 INFO - To upstream: 
15:23:42.411 INFO - To downstream: {"sessionId":"bb616023bfc9b98ca774bc0c72bb0e4e","status":0,"value":null}
15:23:45.420 INFO - Found handler: org.openqa.selenium.remote.server.ServicedSession@28a94154
15:23:45.420 INFO - Handler thread for session bb616023bfc9b98ca774bc0c72bb0e4e (chrome): Executing POST on /session/bb616023bfc9b98ca774bc0c72bb0e4e/element (handler: ServicedSession)
15:23:45.422 INFO - To upstream: {"using":"css selector","value":"input[name=identifier]"}
15:23:45.433 INFO - To downstream: {"sessionId":"bb616023bfc9b98ca774bc0c72bb0e4e","status":0,"value":{"ELEMENT":"0.3779820528905602-2"}}
15:23:45.435 INFO - Found handler: org.openqa.selenium.remote.server.ServicedSession@28a94154
15:23:45.436 INFO - Handler thread for session bb616023bfc9b98ca774bc0c72bb0e4e (chrome): Executing POST on /session/bb616023bfc9b98ca774bc0c72bb0e4e/element/0.3779820528905602-2/value (handler: ServicedSession)
15:23:45.437 INFO - To upstream: {"value":["l","o","v","e","l","a","c","e","@","e","x","m","a","p","l","e",".","c","o","m"]}
15:23:45.586 INFO - To downstream: {"sessionId":"bb616023bfc9b98ca774bc0c72bb0e4e","status":0,"value":null}
15:23:46.593 INFO - Found handler: org.openqa.selenium.remote.server.ServicedSession@28a94154
15:23:46.594 INFO - Handler thread for session bb616023bfc9b98ca774bc0c72bb0e4e (chrome): Executing POST on /session/bb616023bfc9b98ca774bc0c72bb0e4e/element (handler: ServicedSession)
15:23:46.595 INFO - To upstream: {"using":"css selector","value":"input[name=password]"}
15:23:46.603 INFO - To downstream: {"sessionId":"bb616023bfc9b98ca774bc0c72bb0e4e","status":0,"value":{"ELEMENT":"0.3779820528905602-3"}}
15:23:46.606 INFO - Found handler: org.openqa.selenium.remote.server.ServicedSession@28a94154
15:23:46.607 INFO - Handler thread for session bb616023bfc9b98ca774bc0c72bb0e4e (chrome): Executing POST on /session/bb616023bfc9b98ca774bc0c72bb0e4e/element/0.3779820528905602-3/value (handler: ServicedSession)
15:23:46.608 INFO - To upstream: {"value":[]}
15:23:46.632 INFO - To downstream: {"sessionId":"bb616023bfc9b98ca774bc0c72bb0e4e","status":0,"value":null}
15:23:47.641 INFO - Found handler: org.openqa.selenium.remote.server.ServicedSession@28a94154
15:23:47.642 INFO - Handler thread for session bb616023bfc9b98ca774bc0c72bb0e4e (chrome): Executing POST on /session/bb616023bfc9b98ca774bc0c72bb0e4e/element (handler: ServicedSession)
15:23:47.644 INFO - To upstream: {"using":"css selector","value":".login-submit"}
15:23:47.653 INFO - To downstream: {"sessionId":"bb616023bfc9b98ca774bc0c72bb0e4e","status":0,"value":{"ELEMENT":"0.3779820528905602-4"}}
15:23:47.656 INFO - Found handler: org.openqa.selenium.remote.server.ServicedSession@28a94154
15:23:47.656 INFO - Handler thread for session bb616023bfc9b98ca774bc0c72bb0e4e (chrome): Executing POST on /session/bb616023bfc9b98ca774bc0c72bb0e4e/element/0.3779820528905602-4/click (handler: ServicedSession)
15:23:47.657 INFO - To upstream: 
15:23:47.691 INFO - To downstream: {"sessionId":"bb616023bfc9b98ca774bc0c72bb0e4e","status":0,"value":null}
15:23:49.702 INFO - Found handler: org.openqa.selenium.remote.server.ServicedSession@28a94154
15:23:49.702 INFO - Handler thread for session bb616023bfc9b98ca774bc0c72bb0e4e (chrome): Executing POST on /session/bb616023bfc9b98ca774bc0c72bb0e4e/element (handler: ServicedSession)
15:23:49.703 INFO - To upstream: {"using":"css selector","value":".help-block"}
15:23:49.714 INFO - To downstream: {"sessionId":"bb616023bfc9b98ca774bc0c72bb0e4e","status":0,"value":{"ELEMENT":"0.3779820528905602-5"}}
15:23:49.717 INFO - Found handler: org.openqa.selenium.remote.server.ServicedSession@28a94154
15:23:49.717 INFO - Handler thread for session bb616023bfc9b98ca774bc0c72bb0e4e (chrome): Executing GET on /session/bb616023bfc9b98ca774bc0c72bb0e4e/element/0.3779820528905602-5/text (handler: ServicedSession)
15:23:49.728 INFO - To downstream: {"sessionId":"bb616023bfc9b98ca774bc0c72bb0e4e","status":0,"value":"This field is required"}
15:23:50.738 INFO - Found handler: org.openqa.selenium.remote.server.ServicedSession@28a94154
15:23:50.739 INFO - Handler thread for session bb616023bfc9b98ca774bc0c72bb0e4e (chrome): Executing POST on /session/bb616023bfc9b98ca774bc0c72bb0e4e/url (handler: ServicedSession)
15:23:50.740 INFO - To upstream: {"url":"http://localhost:3000"}
15:23:51.375 INFO - To downstream: {"sessionId":"bb616023bfc9b98ca774bc0c72bb0e4e","status":0,"value":null}
15:23:52.380 INFO - Found handler: org.openqa.selenium.remote.server.ServicedSession@28a94154
15:23:52.381 INFO - Handler thread for session bb616023bfc9b98ca774bc0c72bb0e4e (chrome): Executing POST on /session/bb616023bfc9b98ca774bc0c72bb0e4e/element (handler: ServicedSession)
15:23:52.382 INFO - To upstream: {"using":"css selector","value":"#sign-in-link"}
15:23:52.393 INFO - To downstream: {"sessionId":"bb616023bfc9b98ca774bc0c72bb0e4e","status":0,"value":{"ELEMENT":"0.533556262171986-1"}}
15:23:52.395 INFO - Found handler: org.openqa.selenium.remote.server.ServicedSession@28a94154
15:23:52.396 INFO - Handler thread for session bb616023bfc9b98ca774bc0c72bb0e4e (chrome): Executing POST on /session/bb616023bfc9b98ca774bc0c72bb0e4e/element/0.533556262171986-1/click (handler: ServicedSession)
15:23:52.396 INFO - To upstream: 
15:23:52.454 INFO - To downstream: {"sessionId":"bb616023bfc9b98ca774bc0c72bb0e4e","status":0,"value":null}
15:23:55.463 INFO - Found handler: org.openqa.selenium.remote.server.ServicedSession@28a94154
15:23:55.463 INFO - Handler thread for session bb616023bfc9b98ca774bc0c72bb0e4e (chrome): Executing POST on /session/bb616023bfc9b98ca774bc0c72bb0e4e/element (handler: ServicedSession)
15:23:55.465 INFO - To upstream: {"using":"css selector","value":"input[name=identifier]"}
15:23:55.476 INFO - To downstream: {"sessionId":"bb616023bfc9b98ca774bc0c72bb0e4e","status":0,"value":{"ELEMENT":"0.533556262171986-2"}}
15:23:55.478 INFO - Found handler: org.openqa.selenium.remote.server.ServicedSession@28a94154
15:23:55.479 INFO - Handler thread for session bb616023bfc9b98ca774bc0c72bb0e4e (chrome): Executing POST on /session/bb616023bfc9b98ca774bc0c72bb0e4e/element/0.533556262171986-2/value (handler: ServicedSession)
15:23:55.480 INFO - To upstream: {"value":["l","o","v","e","l","a","c","e","@","e","x","m","a","p","l","e",".","c","o","m"]}
15:23:55.626 INFO - To downstream: {"sessionId":"bb616023bfc9b98ca774bc0c72bb0e4e","status":0,"value":null}
15:23:56.633 INFO - Found handler: org.openqa.selenium.remote.server.ServicedSession@28a94154
15:23:56.633 INFO - Handler thread for session bb616023bfc9b98ca774bc0c72bb0e4e (chrome): Executing POST on /session/bb616023bfc9b98ca774bc0c72bb0e4e/element (handler: ServicedSession)
15:23:56.634 INFO - To upstream: {"using":"css selector","value":"input[name=password]"}
15:23:56.645 INFO - To downstream: {"sessionId":"bb616023bfc9b98ca774bc0c72bb0e4e","status":0,"value":{"ELEMENT":"0.533556262171986-3"}}
15:23:56.647 INFO - Found handler: org.openqa.selenium.remote.server.ServicedSession@28a94154
15:23:56.648 INFO - Handler thread for session bb616023bfc9b98ca774bc0c72bb0e4e (chrome): Executing POST on /session/bb616023bfc9b98ca774bc0c72bb0e4e/element/0.533556262171986-3/value (handler: ServicedSession)
15:23:56.649 INFO - To upstream: {"value":["l","o","v","e","l","a","c","e","7","0","0"]}
15:23:56.734 INFO - To downstream: {"sessionId":"bb616023bfc9b98ca774bc0c72bb0e4e","status":0,"value":null}
15:23:57.741 INFO - Found handler: org.openqa.selenium.remote.server.ServicedSession@28a94154
15:23:57.742 INFO - Handler thread for session bb616023bfc9b98ca774bc0c72bb0e4e (chrome): Executing POST on /session/bb616023bfc9b98ca774bc0c72bb0e4e/element (handler: ServicedSession)
15:23:57.743 INFO - To upstream: {"using":"css selector","value":".login-submit"}
15:23:57.756 INFO - To downstream: {"sessionId":"bb616023bfc9b98ca774bc0c72bb0e4e","status":0,"value":{"ELEMENT":"0.533556262171986-4"}}
15:23:57.758 INFO - Found handler: org.openqa.selenium.remote.server.ServicedSession@28a94154
15:23:57.759 INFO - Handler thread for session bb616023bfc9b98ca774bc0c72bb0e4e (chrome): Executing POST on /session/bb616023bfc9b98ca774bc0c72bb0e4e/element/0.533556262171986-4/click (handler: ServicedSession)
15:23:57.759 INFO - To upstream: 
15:23:57.795 INFO - To downstream: {"sessionId":"bb616023bfc9b98ca774bc0c72bb0e4e","status":0,"value":null}
15:23:59.801 INFO - Found handler: org.openqa.selenium.remote.server.ServicedSession@28a94154
15:23:59.802 INFO - Handler thread for session bb616023bfc9b98ca774bc0c72bb0e4e (chrome): Executing POST on /session/bb616023bfc9b98ca774bc0c72bb0e4e/elements (handler: ServicedSession)
15:23:59.803 INFO - To upstream: {"using":"css selector","value":".swal-modal"}
15:23:59.815 INFO - To downstream: {"sessionId":"bb616023bfc9b98ca774bc0c72bb0e4e","status":0,"value":[{"ELEMENT":"0.533556262171986-5"}]}
15:23:59.818 INFO - Found handler: org.openqa.selenium.remote.server.ServicedSession@28a94154
15:23:59.818 INFO - Handler thread for session bb616023bfc9b98ca774bc0c72bb0e4e (chrome): Executing GET on /session/bb616023bfc9b98ca774bc0c72bb0e4e/element/0.533556262171986-5/displayed (handler: ServicedSession)
15:23:59.828 INFO - To downstream: {"sessionId":"bb616023bfc9b98ca774bc0c72bb0e4e","status":0,"value":true}
15:23:59.831 INFO - Found handler: org.openqa.selenium.remote.server.ServicedSession@28a94154
15:23:59.831 INFO - Handler thread for session bb616023bfc9b98ca774bc0c72bb0e4e (chrome): Executing POST on /session/bb616023bfc9b98ca774bc0c72bb0e4e/element (handler: ServicedSession)
15:23:59.832 INFO - To upstream: {"using":"css selector","value":".swal-modal"}
15:23:59.841 INFO - To downstream: {"sessionId":"bb616023bfc9b98ca774bc0c72bb0e4e","status":0,"value":{"ELEMENT":"0.533556262171986-5"}}
15:23:59.843 INFO - Found handler: org.openqa.selenium.remote.server.ServicedSession@28a94154
15:23:59.843 INFO - Handler thread for session bb616023bfc9b98ca774bc0c72bb0e4e (chrome): Executing GET on /session/bb616023bfc9b98ca774bc0c72bb0e4e/element/0.533556262171986-5/text (handler: ServicedSession)
15:23:59.859 INFO - To downstream: {"sessionId":"bb616023bfc9b98ca774bc0c72bb0e4e","status":0,"value":"Oops!\nSorry Invalid credentials\nOK"}
15:23:59.868 INFO - Found handler: org.openqa.selenium.remote.server.ServicedSession@28a94154
15:23:59.868 INFO - Handler thread for session bb616023bfc9b98ca774bc0c72bb0e4e (chrome): Executing POST on /session/bb616023bfc9b98ca774bc0c72bb0e4e/element (handler: ServicedSession)
15:23:59.869 INFO - To upstream: {"using":"css selector","value":".swal-modal"}
15:23:59.878 INFO - To downstream: {"sessionId":"bb616023bfc9b98ca774bc0c72bb0e4e","status":0,"value":{"ELEMENT":"0.533556262171986-5"}}
15:23:59.881 INFO - Found handler: org.openqa.selenium.remote.server.ServicedSession@28a94154
15:23:59.881 INFO - Handler thread for session bb616023bfc9b98ca774bc0c72bb0e4e (chrome): Executing GET on /session/bb616023bfc9b98ca774bc0c72bb0e4e/element/0.533556262171986-5/text (handler: ServicedSession)
15:23:59.888 INFO - To downstream: {"sessionId":"bb616023bfc9b98ca774bc0c72bb0e4e","status":0,"value":"Oops!\nSorry Invalid credentials\nOK"}
15:24:00.898 INFO - Found handler: org.openqa.selenium.remote.server.ServicedSession@28a94154
15:24:00.899 INFO - Handler thread for session bb616023bfc9b98ca774bc0c72bb0e4e (chrome): Executing POST on /session/bb616023bfc9b98ca774bc0c72bb0e4e/refresh (handler: ServicedSession)
15:24:00.899 INFO - To upstream: 
15:24:01.166 INFO - To downstream: {"sessionId":"bb616023bfc9b98ca774bc0c72bb0e4e","status":0,"value":null}
15:24:01.169 INFO - Found handler: org.openqa.selenium.remote.server.ServicedSession@28a94154
15:24:01.169 INFO - Handler thread for session bb616023bfc9b98ca774bc0c72bb0e4e (chrome): Executing POST on /session/bb616023bfc9b98ca774bc0c72bb0e4e/url (handler: ServicedSession)
15:24:01.170 INFO - To upstream: {"url":"http://localhost:3000"}
15:24:01.492 INFO - To downstream: {"sessionId":"bb616023bfc9b98ca774bc0c72bb0e4e","status":0,"value":null}
15:24:02.499 INFO - Found handler: org.openqa.selenium.remote.server.ServicedSession@28a94154
15:24:02.499 INFO - Handler thread for session bb616023bfc9b98ca774bc0c72bb0e4e (chrome): Executing POST on /session/bb616023bfc9b98ca774bc0c72bb0e4e/element (handler: ServicedSession)
15:24:02.500 INFO - To upstream: {"using":"css selector","value":"#sign-in-link"}
15:24:02.507 INFO - To downstream: {"sessionId":"bb616023bfc9b98ca774bc0c72bb0e4e","status":0,"value":{"ELEMENT":"0.4467529132398176-1"}}
15:24:02.510 INFO - Found handler: org.openqa.selenium.remote.server.ServicedSession@28a94154
15:24:02.510 INFO - Handler thread for session bb616023bfc9b98ca774bc0c72bb0e4e (chrome): Executing POST on /session/bb616023bfc9b98ca774bc0c72bb0e4e/element/0.4467529132398176-1/click (handler: ServicedSession)
15:24:02.511 INFO - To upstream: 
15:24:02.568 INFO - To downstream: {"sessionId":"bb616023bfc9b98ca774bc0c72bb0e4e","status":0,"value":null}
15:24:05.574 INFO - Found handler: org.openqa.selenium.remote.server.ServicedSession@28a94154
15:24:05.574 INFO - Handler thread for session bb616023bfc9b98ca774bc0c72bb0e4e (chrome): Executing POST on /session/bb616023bfc9b98ca774bc0c72bb0e4e/element (handler: ServicedSession)
15:24:05.575 INFO - To upstream: {"using":"css selector","value":"input[name=identifier]"}
15:24:05.583 INFO - To downstream: {"sessionId":"bb616023bfc9b98ca774bc0c72bb0e4e","status":0,"value":{"ELEMENT":"0.4467529132398176-2"}}
15:24:05.585 INFO - Found handler: org.openqa.selenium.remote.server.ServicedSession@28a94154
15:24:05.585 INFO - Handler thread for session bb616023bfc9b98ca774bc0c72bb0e4e (chrome): Executing POST on /session/bb616023bfc9b98ca774bc0c72bb0e4e/element/0.4467529132398176-2/value (handler: ServicedSession)
15:24:05.586 INFO - To upstream: {"value":["l","o","v","e","l","a","c","e","@","e","x","m","a","p","l","e",".","c","o","m"]}
15:24:05.741 INFO - To downstream: {"sessionId":"bb616023bfc9b98ca774bc0c72bb0e4e","status":0,"value":null}
15:24:06.750 INFO - Found handler: org.openqa.selenium.remote.server.ServicedSession@28a94154
15:24:06.751 INFO - Handler thread for session bb616023bfc9b98ca774bc0c72bb0e4e (chrome): Executing POST on /session/bb616023bfc9b98ca774bc0c72bb0e4e/element (handler: ServicedSession)
15:24:06.752 INFO - To upstream: {"using":"css selector","value":"input[name=password]"}
15:24:06.758 INFO - To downstream: {"sessionId":"bb616023bfc9b98ca774bc0c72bb0e4e","status":0,"value":{"ELEMENT":"0.4467529132398176-3"}}
15:24:06.761 INFO - Found handler: org.openqa.selenium.remote.server.ServicedSession@28a94154
15:24:06.761 INFO - Handler thread for session bb616023bfc9b98ca774bc0c72bb0e4e (chrome): Executing POST on /session/bb616023bfc9b98ca774bc0c72bb0e4e/element/0.4467529132398176-3/value (handler: ServicedSession)
15:24:06.762 INFO - To upstream: {"value":["l","o","v","e","l","a","c","e"]}
15:24:06.842 INFO - To downstream: {"sessionId":"bb616023bfc9b98ca774bc0c72bb0e4e","status":0,"value":null}
15:24:07.849 INFO - Found handler: org.openqa.selenium.remote.server.ServicedSession@28a94154
15:24:07.850 INFO - Handler thread for session bb616023bfc9b98ca774bc0c72bb0e4e (chrome): Executing POST on /session/bb616023bfc9b98ca774bc0c72bb0e4e/element (handler: ServicedSession)
15:24:07.851 INFO - To upstream: {"using":"css selector","value":".login-submit"}
15:24:07.857 INFO - To downstream: {"sessionId":"bb616023bfc9b98ca774bc0c72bb0e4e","status":0,"value":{"ELEMENT":"0.4467529132398176-4"}}
15:24:07.860 INFO - Found handler: org.openqa.selenium.remote.server.ServicedSession@28a94154
15:24:07.860 INFO - Handler thread for session bb616023bfc9b98ca774bc0c72bb0e4e (chrome): Executing POST on /session/bb616023bfc9b98ca774bc0c72bb0e4e/element/0.4467529132398176-4/click (handler: ServicedSession)
15:24:07.861 INFO - To upstream: 
15:24:07.898 INFO - To downstream: {"sessionId":"bb616023bfc9b98ca774bc0c72bb0e4e","status":0,"value":null}
15:24:09.905 INFO - Found handler: org.openqa.selenium.remote.server.ServicedSession@28a94154
15:24:09.906 INFO - Handler thread for session bb616023bfc9b98ca774bc0c72bb0e4e (chrome): Executing POST on /session/bb616023bfc9b98ca774bc0c72bb0e4e/elements (handler: ServicedSession)
15:24:09.907 INFO - To upstream: {"using":"css selector","value":".swal-modal"}
15:24:09.913 INFO - To downstream: {"sessionId":"bb616023bfc9b98ca774bc0c72bb0e4e","status":0,"value":[{"ELEMENT":"0.4467529132398176-5"}]}
15:24:09.916 INFO - Found handler: org.openqa.selenium.remote.server.ServicedSession@28a94154
15:24:09.916 INFO - Handler thread for session bb616023bfc9b98ca774bc0c72bb0e4e (chrome): Executing GET on /session/bb616023bfc9b98ca774bc0c72bb0e4e/element/0.4467529132398176-5/displayed (handler: ServicedSession)
15:24:09.927 INFO - To downstream: {"sessionId":"bb616023bfc9b98ca774bc0c72bb0e4e","status":0,"value":true}
15:24:09.930 INFO - Found handler: org.openqa.selenium.remote.server.ServicedSession@28a94154
15:24:09.930 INFO - Handler thread for session bb616023bfc9b98ca774bc0c72bb0e4e (chrome): Executing POST on /session/bb616023bfc9b98ca774bc0c72bb0e4e/element (handler: ServicedSession)
15:24:09.931 INFO - To upstream: {"using":"css selector","value":".swal-modal"}
15:24:09.936 INFO - To downstream: {"sessionId":"bb616023bfc9b98ca774bc0c72bb0e4e","status":0,"value":{"ELEMENT":"0.4467529132398176-5"}}
15:24:09.938 INFO - Found handler: org.openqa.selenium.remote.server.ServicedSession@28a94154
15:24:09.939 INFO - Handler thread for session bb616023bfc9b98ca774bc0c72bb0e4e (chrome): Executing GET on /session/bb616023bfc9b98ca774bc0c72bb0e4e/element/0.4467529132398176-5/text (handler: ServicedSession)
15:24:09.952 INFO - To downstream: {"sessionId":"bb616023bfc9b98ca774bc0c72bb0e4e","status":0,"value":"welcome\nOK"}
15:24:10.959 INFO - Found handler: org.openqa.selenium.remote.server.ServicedSession@28a94154
15:24:10.959 INFO - Handler thread for session bb616023bfc9b98ca774bc0c72bb0e4e (chrome): Executing POST on /session/bb616023bfc9b98ca774bc0c72bb0e4e/element (handler: ServicedSession)
15:24:10.960 INFO - To upstream: {"using":"css selector","value":".swal-button.swal-button--confirm"}
15:24:10.972 INFO - To downstream: {"sessionId":"bb616023bfc9b98ca774bc0c72bb0e4e","status":0,"value":{"ELEMENT":"0.4467529132398176-6"}}
15:24:10.975 INFO - Found handler: org.openqa.selenium.remote.server.ServicedSession@28a94154
15:24:10.975 INFO - Handler thread for session bb616023bfc9b98ca774bc0c72bb0e4e (chrome): Executing POST on /session/bb616023bfc9b98ca774bc0c72bb0e4e/element/0.4467529132398176-6/click (handler: ServicedSession)
15:24:10.976 INFO - To upstream: 
15:24:11.009 INFO - To downstream: {"sessionId":"bb616023bfc9b98ca774bc0c72bb0e4e","status":0,"value":null}
15:24:13.020 INFO - Found handler: org.openqa.selenium.remote.server.ServicedSession@28a94154
15:24:13.020 INFO - Handler thread for session bb616023bfc9b98ca774bc0c72bb0e4e (chrome): Executing POST on /session/bb616023bfc9b98ca774bc0c72bb0e4e/element (handler: ServicedSession)
15:24:13.021 INFO - To upstream: {"using":"css selector","value":".addrecipebtn"}
15:24:13.032 INFO - To downstream: {"sessionId":"bb616023bfc9b98ca774bc0c72bb0e4e","status":0,"value":{"ELEMENT":"0.4467529132398176-7"}}
15:24:13.034 INFO - Found handler: org.openqa.selenium.remote.server.ServicedSession@28a94154
15:24:13.035 INFO - Handler thread for session bb616023bfc9b98ca774bc0c72bb0e4e (chrome): Executing POST on /session/bb616023bfc9b98ca774bc0c72bb0e4e/element/0.4467529132398176-7/click (handler: ServicedSession)
15:24:13.035 INFO - To upstream: 
15:24:13.108 INFO - To downstream: {"sessionId":"bb616023bfc9b98ca774bc0c72bb0e4e","status":0,"value":null}
15:24:15.115 INFO - Found handler: org.openqa.selenium.remote.server.ServicedSession@28a94154
15:24:15.115 INFO - Handler thread for session bb616023bfc9b98ca774bc0c72bb0e4e (chrome): Executing POST on /session/bb616023bfc9b98ca774bc0c72bb0e4e/element (handler: ServicedSession)
15:24:15.117 INFO - To upstream: {"using":"css selector","value":"input[name=name]"}
15:24:15.127 INFO - To downstream: {"sessionId":"bb616023bfc9b98ca774bc0c72bb0e4e","status":0,"value":{"ELEMENT":"0.4467529132398176-8"}}
15:24:15.130 INFO - Found handler: org.openqa.selenium.remote.server.ServicedSession@28a94154
15:24:15.130 INFO - Handler thread for session bb616023bfc9b98ca774bc0c72bb0e4e (chrome): Executing POST on /session/bb616023bfc9b98ca774bc0c72bb0e4e/element/0.4467529132398176-8/value (handler: ServicedSession)
15:24:15.131 INFO - To upstream: {"value":["R","i","c","e"," ","a","n","d"," ","B","e","a","n","s"]}
15:24:15.322 INFO - To downstream: {"sessionId":"bb616023bfc9b98ca774bc0c72bb0e4e","status":0,"value":null}
15:24:15.324 INFO - Found handler: org.openqa.selenium.remote.server.ServicedSession@28a94154
15:24:15.324 INFO - Handler thread for session bb616023bfc9b98ca774bc0c72bb0e4e (chrome): Executing POST on /session/bb616023bfc9b98ca774bc0c72bb0e4e/element (handler: ServicedSession)
15:24:15.325 INFO - To upstream: {"using":"css selector","value":"textarea[name=ingredients]"}
15:24:15.335 INFO - To downstream: {"sessionId":"bb616023bfc9b98ca774bc0c72bb0e4e","status":0,"value":{"ELEMENT":"0.4467529132398176-9"}}
15:24:15.338 INFO - Found handler: org.openqa.selenium.remote.server.ServicedSession@28a94154
15:24:15.338 INFO - Handler thread for session bb616023bfc9b98ca774bc0c72bb0e4e (chrome): Executing POST on /session/bb616023bfc9b98ca774bc0c72bb0e4e/element/0.4467529132398176-9/value (handler: ServicedSession)
15:24:15.339 INFO - To upstream: {"value":["r","i","c","e",","," ","s","t","e","w"," ","a","n","d"," ","t","o","m","a","t","o","e","s"]}
15:24:15.548 INFO - To downstream: {"sessionId":"bb616023bfc9b98ca774bc0c72bb0e4e","status":0,"value":null}
15:24:15.552 INFO - Found handler: org.openqa.selenium.remote.server.ServicedSession@28a94154
15:24:15.552 INFO - Handler thread for session bb616023bfc9b98ca774bc0c72bb0e4e (chrome): Executing POST on /session/bb616023bfc9b98ca774bc0c72bb0e4e/element (handler: ServicedSession)
15:24:15.553 INFO - To upstream: {"using":"css selector","value":"textarea[name=method]"}
15:24:15.561 INFO - To downstream: {"sessionId":"bb616023bfc9b98ca774bc0c72bb0e4e","status":0,"value":{"ELEMENT":"0.4467529132398176-10"}}
15:24:15.564 INFO - Found handler: org.openqa.selenium.remote.server.ServicedSession@28a94154
15:24:15.564 INFO - Handler thread for session bb616023bfc9b98ca774bc0c72bb0e4e (chrome): Executing POST on /session/bb616023bfc9b98ca774bc0c72bb0e4e/element/0.4467529132398176-10/value (handler: ServicedSession)
15:24:15.565 INFO - To upstream: {"value":["B","o","i","l"," ","t","h","e"," ","r","i","c","e"]}
15:24:15.692 INFO - To downstream: {"sessionId":"bb616023bfc9b98ca774bc0c72bb0e4e","status":0,"value":null}
15:24:15.695 INFO - Found handler: org.openqa.selenium.remote.server.ServicedSession@28a94154
15:24:15.695 INFO - Handler thread for session bb616023bfc9b98ca774bc0c72bb0e4e (chrome): Executing POST on /session/bb616023bfc9b98ca774bc0c72bb0e4e/element (handler: ServicedSession)
15:24:15.696 INFO - To upstream: {"using":"css selector","value":"input[name=cookingTime]"}
15:24:15.706 INFO - To downstream: {"sessionId":"bb616023bfc9b98ca774bc0c72bb0e4e","status":0,"value":{"ELEMENT":"0.4467529132398176-11"}}
15:24:15.708 INFO - Found handler: org.openqa.selenium.remote.server.ServicedSession@28a94154
15:24:15.708 INFO - Handler thread for session bb616023bfc9b98ca774bc0c72bb0e4e (chrome): Executing POST on /session/bb616023bfc9b98ca774bc0c72bb0e4e/element/0.4467529132398176-11/value (handler: ServicedSession)
15:24:15.709 INFO - To upstream: {"value":["2"]}
15:24:15.741 INFO - To downstream: {"sessionId":"bb616023bfc9b98ca774bc0c72bb0e4e","status":0,"value":null}
15:24:15.743 INFO - Found handler: org.openqa.selenium.remote.server.ServicedSession@28a94154
15:24:15.743 INFO - Handler thread for session bb616023bfc9b98ca774bc0c72bb0e4e (chrome): Executing POST on /session/bb616023bfc9b98ca774bc0c72bb0e4e/element (handler: ServicedSession)
15:24:15.744 INFO - To upstream: {"using":"css selector","value":"select[name=option]"}
15:24:15.754 INFO - To downstream: {"sessionId":"bb616023bfc9b98ca774bc0c72bb0e4e","status":0,"value":{"ELEMENT":"0.4467529132398176-12"}}
15:24:15.756 INFO - Found handler: org.openqa.selenium.remote.server.ServicedSession@28a94154
15:24:15.756 INFO - Handler thread for session bb616023bfc9b98ca774bc0c72bb0e4e (chrome): Executing POST on /session/bb616023bfc9b98ca774bc0c72bb0e4e/element/0.4467529132398176-12/value (handler: ServicedSession)
15:24:15.757 INFO - To upstream: {"value":["m","i","n","u","t","e","s"]}
15:24:15.803 INFO - To downstream: {"sessionId":"bb616023bfc9b98ca774bc0c72bb0e4e","status":0,"value":null}
15:24:15.805 INFO - Found handler: org.openqa.selenium.remote.server.ServicedSession@28a94154
15:24:15.805 INFO - Handler thread for session bb616023bfc9b98ca774bc0c72bb0e4e (chrome): Executing POST on /session/bb616023bfc9b98ca774bc0c72bb0e4e/element (handler: ServicedSession)
15:24:15.806 INFO - To upstream: {"using":"css selector","value":".add-recipe-button"}
15:24:15.816 INFO - To downstream: {"sessionId":"bb616023bfc9b98ca774bc0c72bb0e4e","status":0,"value":{"ELEMENT":"0.4467529132398176-13"}}
15:24:15.819 INFO - Found handler: org.openqa.selenium.remote.server.ServicedSession@28a94154
15:24:15.819 INFO - Handler thread for session bb616023bfc9b98ca774bc0c72bb0e4e (chrome): Executing POST on /session/bb616023bfc9b98ca774bc0c72bb0e4e/element/0.4467529132398176-13/click (handler: ServicedSession)
15:24:15.820 INFO - To upstream: 
15:24:15.880 INFO - To downstream: {"sessionId":"bb616023bfc9b98ca774bc0c72bb0e4e","status":0,"value":null}
15:24:19.891 INFO - Found handler: org.openqa.selenium.remote.server.ServicedSession@28a94154
15:24:19.891 INFO - Handler thread for session bb616023bfc9b98ca774bc0c72bb0e4e (chrome): Executing POST on /session/bb616023bfc9b98ca774bc0c72bb0e4e/element (handler: ServicedSession)
15:24:19.894 INFO - To upstream: {"using":"css selector","value":".edit-recipe-link"}
15:24:19.905 INFO - To downstream: {"sessionId":"bb616023bfc9b98ca774bc0c72bb0e4e","status":0,"value":{"ELEMENT":"0.4467529132398176-14"}}
15:24:19.907 INFO - Found handler: org.openqa.selenium.remote.server.ServicedSession@28a94154
15:24:19.908 INFO - Handler thread for session bb616023bfc9b98ca774bc0c72bb0e4e (chrome): Executing POST on /session/bb616023bfc9b98ca774bc0c72bb0e4e/element/0.4467529132398176-14/click (handler: ServicedSession)
15:24:19.908 INFO - To upstream: 
15:24:19.971 INFO - To downstream: {"sessionId":"bb616023bfc9b98ca774bc0c72bb0e4e","status":0,"value":null}
15:24:21.981 INFO - Found handler: org.openqa.selenium.remote.server.ServicedSession@28a94154
15:24:21.982 INFO - Handler thread for session bb616023bfc9b98ca774bc0c72bb0e4e (chrome): Executing POST on /session/bb616023bfc9b98ca774bc0c72bb0e4e/element (handler: ServicedSession)
15:24:21.983 INFO - To upstream: {"using":"css selector","value":"input[name=name]"}
15:24:21.989 INFO - To downstream: {"sessionId":"bb616023bfc9b98ca774bc0c72bb0e4e","status":0,"value":{"ELEMENT":"0.4467529132398176-15"}}
15:24:21.992 INFO - Found handler: org.openqa.selenium.remote.server.ServicedSession@28a94154
15:24:21.992 INFO - Handler thread for session bb616023bfc9b98ca774bc0c72bb0e4e (chrome): Executing POST on /session/bb616023bfc9b98ca774bc0c72bb0e4e/element/0.4467529132398176-15/clear (handler: ServicedSession)
15:24:21.993 INFO - To upstream: 
15:24:22.010 INFO - To downstream: {"sessionId":"bb616023bfc9b98ca774bc0c72bb0e4e","status":0,"value":null}
15:24:22.012 INFO - Found handler: org.openqa.selenium.remote.server.ServicedSession@28a94154
15:24:22.012 INFO - Handler thread for session bb616023bfc9b98ca774bc0c72bb0e4e (chrome): Executing POST on /session/bb616023bfc9b98ca774bc0c72bb0e4e/element (handler: ServicedSession)
15:24:22.014 INFO - To upstream: {"using":"css selector","value":"textarea[name=ingredients]"}
15:24:22.021 INFO - To downstream: {"sessionId":"bb616023bfc9b98ca774bc0c72bb0e4e","status":0,"value":{"ELEMENT":"0.4467529132398176-16"}}
15:24:22.027 INFO - Found handler: org.openqa.selenium.remote.server.ServicedSession@28a94154
15:24:22.027 INFO - Handler thread for session bb616023bfc9b98ca774bc0c72bb0e4e (chrome): Executing POST on /session/bb616023bfc9b98ca774bc0c72bb0e4e/element/0.4467529132398176-16/clear (handler: ServicedSession)
15:24:22.028 INFO - To upstream: 
15:24:22.054 INFO - To downstream: {"sessionId":"bb616023bfc9b98ca774bc0c72bb0e4e","status":0,"value":null}
15:24:22.060 INFO - Found handler: org.openqa.selenium.remote.server.ServicedSession@28a94154
15:24:22.060 INFO - Handler thread for session bb616023bfc9b98ca774bc0c72bb0e4e (chrome): Executing POST on /session/bb616023bfc9b98ca774bc0c72bb0e4e/element (handler: ServicedSession)
15:24:22.061 INFO - To upstream: {"using":"css selector","value":"textarea[name=method]"}
15:24:22.076 INFO - To downstream: {"sessionId":"bb616023bfc9b98ca774bc0c72bb0e4e","status":0,"value":{"ELEMENT":"0.4467529132398176-17"}}
15:24:22.079 INFO - Found handler: org.openqa.selenium.remote.server.ServicedSession@28a94154
15:24:22.079 INFO - Handler thread for session bb616023bfc9b98ca774bc0c72bb0e4e (chrome): Executing POST on /session/bb616023bfc9b98ca774bc0c72bb0e4e/element/0.4467529132398176-17/clear (handler: ServicedSession)
15:24:22.080 INFO - To upstream: 
15:24:22.101 INFO - To downstream: {"sessionId":"bb616023bfc9b98ca774bc0c72bb0e4e","status":0,"value":null}
15:24:24.108 INFO - Found handler: org.openqa.selenium.remote.server.ServicedSession@28a94154
15:24:24.108 INFO - Handler thread for session bb616023bfc9b98ca774bc0c72bb0e4e (chrome): Executing POST on /session/bb616023bfc9b98ca774bc0c72bb0e4e/element (handler: ServicedSession)
15:24:24.109 INFO - To upstream: {"using":"css selector","value":"input[name=name]"}
15:24:24.119 INFO - To downstream: {"sessionId":"bb616023bfc9b98ca774bc0c72bb0e4e","status":0,"value":{"ELEMENT":"0.4467529132398176-15"}}
15:24:24.122 INFO - Found handler: org.openqa.selenium.remote.server.ServicedSession@28a94154
15:24:24.122 INFO - Handler thread for session bb616023bfc9b98ca774bc0c72bb0e4e (chrome): Executing POST on /session/bb616023bfc9b98ca774bc0c72bb0e4e/element/0.4467529132398176-15/value (handler: ServicedSession)
15:24:24.123 INFO - To upstream: {"value":["S","t","e","w"," ","a","n","d"," ","b","o","l","i"]}
15:24:24.262 INFO - To downstream: {"sessionId":"bb616023bfc9b98ca774bc0c72bb0e4e","status":0,"value":null}
15:24:24.265 INFO - Found handler: org.openqa.selenium.remote.server.ServicedSession@28a94154
15:24:24.265 INFO - Handler thread for session bb616023bfc9b98ca774bc0c72bb0e4e (chrome): Executing POST on /session/bb616023bfc9b98ca774bc0c72bb0e4e/element (handler: ServicedSession)
15:24:24.265 INFO - To upstream: {"using":"css selector","value":"textarea[name=ingredients]"}
15:24:24.271 INFO - To downstream: {"sessionId":"bb616023bfc9b98ca774bc0c72bb0e4e","status":0,"value":{"ELEMENT":"0.4467529132398176-16"}}
15:24:24.273 INFO - Found handler: org.openqa.selenium.remote.server.ServicedSession@28a94154
15:24:24.273 INFO - Handler thread for session bb616023bfc9b98ca774bc0c72bb0e4e (chrome): Executing POST on /session/bb616023bfc9b98ca774bc0c72bb0e4e/element/0.4467529132398176-16/value (handler: ServicedSession)
15:24:24.274 INFO - To upstream: {"value":["r","i","c","e",","," ","s","t","e","w"," ","a","n","d"," ","t","o","m","a","t","o","e","s"]}
15:24:24.445 INFO - To downstream: {"sessionId":"bb616023bfc9b98ca774bc0c72bb0e4e","status":0,"value":null}
15:24:24.448 INFO - Found handler: org.openqa.selenium.remote.server.ServicedSession@28a94154
15:24:24.448 INFO - Handler thread for session bb616023bfc9b98ca774bc0c72bb0e4e (chrome): Executing POST on /session/bb616023bfc9b98ca774bc0c72bb0e4e/element (handler: ServicedSession)
15:24:24.448 INFO - To upstream: {"using":"css selector","value":"textarea[name=method]"}
15:24:24.453 INFO - To downstream: {"sessionId":"bb616023bfc9b98ca774bc0c72bb0e4e","status":0,"value":{"ELEMENT":"0.4467529132398176-17"}}
15:24:24.455 INFO - Found handler: org.openqa.selenium.remote.server.ServicedSession@28a94154
15:24:24.455 INFO - Handler thread for session bb616023bfc9b98ca774bc0c72bb0e4e (chrome): Executing POST on /session/bb616023bfc9b98ca774bc0c72bb0e4e/element/0.4467529132398176-17/value (handler: ServicedSession)
15:24:24.456 INFO - To upstream: {"value":["B","o","i","l"," ","t","h","e"," ","r","i","c","e"]}
15:24:24.568 INFO - To downstream: {"sessionId":"bb616023bfc9b98ca774bc0c72bb0e4e","status":0,"value":null}
15:24:24.571 INFO - Found handler: org.openqa.selenium.remote.server.ServicedSession@28a94154
15:24:24.571 INFO - Handler thread for session bb616023bfc9b98ca774bc0c72bb0e4e (chrome): Executing POST on /session/bb616023bfc9b98ca774bc0c72bb0e4e/element (handler: ServicedSession)
15:24:24.572 INFO - To upstream: {"using":"css selector","value":".edit-button-recipe"}
15:24:24.583 INFO - To downstream: {"sessionId":"bb616023bfc9b98ca774bc0c72bb0e4e","status":0,"value":{"ELEMENT":"0.4467529132398176-18"}}
15:24:24.586 INFO - Found handler: org.openqa.selenium.remote.server.ServicedSession@28a94154
15:24:24.586 INFO - Handler thread for session bb616023bfc9b98ca774bc0c72bb0e4e (chrome): Executing POST on /session/bb616023bfc9b98ca774bc0c72bb0e4e/element/0.4467529132398176-18/click (handler: ServicedSession)
15:24:24.587 INFO - To upstream: 
15:24:24.661 INFO - To downstream: {"sessionId":"bb616023bfc9b98ca774bc0c72bb0e4e","status":0,"value":null}
15:24:26.668 INFO - Found handler: org.openqa.selenium.remote.server.ServicedSession@28a94154
15:24:26.669 INFO - Handler thread for session bb616023bfc9b98ca774bc0c72bb0e4e (chrome): Executing POST on /session/bb616023bfc9b98ca774bc0c72bb0e4e/element (handler: ServicedSession)
15:24:26.670 INFO - To upstream: {"using":"css selector","value":".view"}
15:24:26.681 INFO - To downstream: {"sessionId":"bb616023bfc9b98ca774bc0c72bb0e4e","status":0,"value":{"ELEMENT":"0.4467529132398176-19"}}
15:24:26.684 INFO - Found handler: org.openqa.selenium.remote.server.ServicedSession@28a94154
15:24:26.684 INFO - Handler thread for session bb616023bfc9b98ca774bc0c72bb0e4e (chrome): Executing POST on /session/bb616023bfc9b98ca774bc0c72bb0e4e/element/0.4467529132398176-19/click (handler: ServicedSession)
15:24:26.684 INFO - To upstream: 
15:24:26.763 INFO - To downstream: {"sessionId":"bb616023bfc9b98ca774bc0c72bb0e4e","status":0,"value":null}
15:24:30.776 INFO - Found handler: org.openqa.selenium.remote.server.ServicedSession@28a94154
15:24:30.776 INFO - Handler thread for session bb616023bfc9b98ca774bc0c72bb0e4e (chrome): Executing POST on /session/bb616023bfc9b98ca774bc0c72bb0e4e/element (handler: ServicedSession)
15:24:30.777 INFO - To upstream: {"using":"css selector","value":".favorite-btn"}
15:24:30.789 INFO - To downstream: {"sessionId":"bb616023bfc9b98ca774bc0c72bb0e4e","status":0,"value":{"ELEMENT":"0.4467529132398176-20"}}
15:24:30.792 INFO - Found handler: org.openqa.selenium.remote.server.ServicedSession@28a94154
15:24:30.792 INFO - Handler thread for session bb616023bfc9b98ca774bc0c72bb0e4e (chrome): Executing POST on /session/bb616023bfc9b98ca774bc0c72bb0e4e/element/0.4467529132398176-20/click (handler: ServicedSession)
15:24:30.793 INFO - To upstream: 
15:24:30.830 INFO - To downstream: {"sessionId":"bb616023bfc9b98ca774bc0c72bb0e4e","status":0,"value":null}
15:24:30.833 INFO - Found handler: org.openqa.selenium.remote.server.ServicedSession@28a94154
15:24:30.833 INFO - Handler thread for session bb616023bfc9b98ca774bc0c72bb0e4e (chrome): Executing POST on /session/bb616023bfc9b98ca774bc0c72bb0e4e/elements (handler: ServicedSession)
15:24:30.834 INFO - To upstream: {"using":"css selector","value":".toast-message"}
15:24:30.846 INFO - To downstream: {"sessionId":"bb616023bfc9b98ca774bc0c72bb0e4e","status":0,"value":[]}
15:24:31.353 INFO - Found handler: org.openqa.selenium.remote.server.ServicedSession@28a94154
15:24:31.353 INFO - Handler thread for session bb616023bfc9b98ca774bc0c72bb0e4e (chrome): Executing POST on /session/bb616023bfc9b98ca774bc0c72bb0e4e/elements (handler: ServicedSession)
15:24:31.354 INFO - To upstream: {"using":"css selector","value":".toast-message"}
15:24:31.360 INFO - To downstream: {"sessionId":"bb616023bfc9b98ca774bc0c72bb0e4e","status":0,"value":[{"ELEMENT":"0.4467529132398176-21"}]}
15:24:31.363 INFO - Found handler: org.openqa.selenium.remote.server.ServicedSession@28a94154
15:24:31.363 INFO - Handler thread for session bb616023bfc9b98ca774bc0c72bb0e4e (chrome): Executing GET on /session/bb616023bfc9b98ca774bc0c72bb0e4e/element/0.4467529132398176-21/displayed (handler: ServicedSession)
15:24:31.373 INFO - To downstream: {"sessionId":"bb616023bfc9b98ca774bc0c72bb0e4e","status":0,"value":true}
15:24:31.376 INFO - Found handler: org.openqa.selenium.remote.server.ServicedSession@28a94154
15:24:31.377 INFO - Handler thread for session bb616023bfc9b98ca774bc0c72bb0e4e (chrome): Executing POST on /session/bb616023bfc9b98ca774bc0c72bb0e4e/element (handler: ServicedSession)
15:24:31.377 INFO - To upstream: {"using":"css selector","value":".toast-message"}
15:24:31.386 INFO - To downstream: {"sessionId":"bb616023bfc9b98ca774bc0c72bb0e4e","status":0,"value":{"ELEMENT":"0.4467529132398176-21"}}
15:24:31.389 INFO - Found handler: org.openqa.selenium.remote.server.ServicedSession@28a94154
15:24:31.389 INFO - Handler thread for session bb616023bfc9b98ca774bc0c72bb0e4e (chrome): Executing GET on /session/bb616023bfc9b98ca774bc0c72bb0e4e/element/0.4467529132398176-21/text (handler: ServicedSession)
15:24:31.402 INFO - To downstream: {"sessionId":"bb616023bfc9b98ca774bc0c72bb0e4e","status":0,"value":"recipe favorited"}
15:24:31.406 INFO - Found handler: org.openqa.selenium.remote.server.ServicedSession@28a94154
15:24:31.406 INFO - Handler thread for session bb616023bfc9b98ca774bc0c72bb0e4e (chrome): Executing POST on /session/bb616023bfc9b98ca774bc0c72bb0e4e/element (handler: ServicedSession)
15:24:31.407 INFO - To upstream: {"using":"css selector","value":".upvote-btn"}
15:24:31.416 INFO - To downstream: {"sessionId":"bb616023bfc9b98ca774bc0c72bb0e4e","status":0,"value":{"ELEMENT":"0.4467529132398176-22"}}
15:24:31.419 INFO - Found handler: org.openqa.selenium.remote.server.ServicedSession@28a94154
15:24:31.419 INFO - Handler thread for session bb616023bfc9b98ca774bc0c72bb0e4e (chrome): Executing POST on /session/bb616023bfc9b98ca774bc0c72bb0e4e/element/0.4467529132398176-22/click (handler: ServicedSession)
15:24:31.420 INFO - To upstream: 
15:24:31.467 INFO - To downstream: {"sessionId":"bb616023bfc9b98ca774bc0c72bb0e4e","status":0,"value":null}
15:24:33.476 INFO - Found handler: org.openqa.selenium.remote.server.ServicedSession@28a94154
15:24:33.476 INFO - Handler thread for session bb616023bfc9b98ca774bc0c72bb0e4e (chrome): Executing POST on /session/bb616023bfc9b98ca774bc0c72bb0e4e/element (handler: ServicedSession)
15:24:33.477 INFO - To upstream: {"using":"css selector","value":"#upvote-state"}
15:24:33.488 INFO - To downstream: {"sessionId":"bb616023bfc9b98ca774bc0c72bb0e4e","status":0,"value":{"ELEMENT":"0.4467529132398176-23"}}
15:24:33.491 INFO - Found handler: org.openqa.selenium.remote.server.ServicedSession@28a94154
15:24:33.491 INFO - Handler thread for session bb616023bfc9b98ca774bc0c72bb0e4e (chrome): Executing GET on /session/bb616023bfc9b98ca774bc0c72bb0e4e/element/0.4467529132398176-23/text (handler: ServicedSession)
15:24:33.503 INFO - To downstream: {"sessionId":"bb616023bfc9b98ca774bc0c72bb0e4e","status":0,"value":"1"}
15:24:34.512 INFO - Found handler: org.openqa.selenium.remote.server.ServicedSession@28a94154
15:24:34.512 INFO - Handler thread for session bb616023bfc9b98ca774bc0c72bb0e4e (chrome): Executing POST on /session/bb616023bfc9b98ca774bc0c72bb0e4e/element (handler: ServicedSession)
15:24:34.513 INFO - To upstream: {"using":"css selector","value":".downvote-btn"}
15:24:34.525 INFO - To downstream: {"sessionId":"bb616023bfc9b98ca774bc0c72bb0e4e","status":0,"value":{"ELEMENT":"0.4467529132398176-24"}}
15:24:34.527 INFO - Found handler: org.openqa.selenium.remote.server.ServicedSession@28a94154
15:24:34.528 INFO - Handler thread for session bb616023bfc9b98ca774bc0c72bb0e4e (chrome): Executing POST on /session/bb616023bfc9b98ca774bc0c72bb0e4e/element/0.4467529132398176-24/click (handler: ServicedSession)
15:24:34.528 INFO - To upstream: 
15:24:34.567 INFO - To downstream: {"sessionId":"bb616023bfc9b98ca774bc0c72bb0e4e","status":0,"value":null}
15:24:36.571 INFO - Found handler: org.openqa.selenium.remote.server.ServicedSession@28a94154
15:24:36.571 INFO - Handler thread for session bb616023bfc9b98ca774bc0c72bb0e4e (chrome): Executing POST on /session/bb616023bfc9b98ca774bc0c72bb0e4e/element (handler: ServicedSession)
15:24:36.572 INFO - To upstream: {"using":"css selector","value":"#downvote-state"}
15:24:36.583 INFO - To downstream: {"sessionId":"bb616023bfc9b98ca774bc0c72bb0e4e","status":0,"value":{"ELEMENT":"0.4467529132398176-25"}}
15:24:36.585 INFO - Found handler: org.openqa.selenium.remote.server.ServicedSession@28a94154
15:24:36.586 INFO - Handler thread for session bb616023bfc9b98ca774bc0c72bb0e4e (chrome): Executing GET on /session/bb616023bfc9b98ca774bc0c72bb0e4e/element/0.4467529132398176-25/text (handler: ServicedSession)
15:24:36.598 INFO - To downstream: {"sessionId":"bb616023bfc9b98ca774bc0c72bb0e4e","status":0,"value":"1"}
15:24:38.606 INFO - Found handler: org.openqa.selenium.remote.server.ServicedSession@28a94154
15:24:38.606 INFO - Handler thread for session bb616023bfc9b98ca774bc0c72bb0e4e (chrome): Executing POST on /session/bb616023bfc9b98ca774bc0c72bb0e4e/element (handler: ServicedSession)
15:24:38.607 INFO - To upstream: {"using":"css selector","value":"#upvote-state"}
15:24:38.614 INFO - To downstream: {"sessionId":"bb616023bfc9b98ca774bc0c72bb0e4e","status":0,"value":{"ELEMENT":"0.4467529132398176-23"}}
15:24:38.616 INFO - Found handler: org.openqa.selenium.remote.server.ServicedSession@28a94154
15:24:38.616 INFO - Handler thread for session bb616023bfc9b98ca774bc0c72bb0e4e (chrome): Executing GET on /session/bb616023bfc9b98ca774bc0c72bb0e4e/element/0.4467529132398176-23/text (handler: ServicedSession)
15:24:38.623 INFO - To downstream: {"sessionId":"bb616023bfc9b98ca774bc0c72bb0e4e","status":0,"value":"0"}
15:24:38.627 INFO - Found handler: org.openqa.selenium.remote.server.ServicedSession@28a94154
15:24:38.627 INFO - Handler thread for session bb616023bfc9b98ca774bc0c72bb0e4e (chrome): Executing POST on /session/bb616023bfc9b98ca774bc0c72bb0e4e/elements (handler: ServicedSession)
15:24:38.628 INFO - To upstream: {"using":"css selector","value":"Form"}
15:24:38.637 INFO - To downstream: {"sessionId":"bb616023bfc9b98ca774bc0c72bb0e4e","status":0,"value":[{"ELEMENT":"0.4467529132398176-26"},{"ELEMENT":"0.4467529132398176-27"}]}
15:24:39.646 INFO - Found handler: org.openqa.selenium.remote.server.ServicedSession@28a94154
15:24:39.646 INFO - Handler thread for session bb616023bfc9b98ca774bc0c72bb0e4e (chrome): Executing POST on /session/bb616023bfc9b98ca774bc0c72bb0e4e/element (handler: ServicedSession)
15:24:39.647 INFO - To upstream: {"using":"css selector","value":"textarea[name=data]"}
15:24:39.658 INFO - To downstream: {"sessionId":"bb616023bfc9b98ca774bc0c72bb0e4e","status":0,"value":{"ELEMENT":"0.4467529132398176-28"}}
15:24:39.661 INFO - Found handler: org.openqa.selenium.remote.server.ServicedSession@28a94154
15:24:39.661 INFO - Handler thread for session bb616023bfc9b98ca774bc0c72bb0e4e (chrome): Executing POST on /session/bb616023bfc9b98ca774bc0c72bb0e4e/element/0.4467529132398176-28/value (handler: ServicedSession)
15:24:39.662 INFO - To upstream: {"value":["T","h","i","s"," ","i","s"," ","r","e","a","l","l","y"," ","n","i","c","e"]}
15:24:39.817 INFO - To downstream: {"sessionId":"bb616023bfc9b98ca774bc0c72bb0e4e","status":0,"value":null}
15:24:40.823 INFO - Found handler: org.openqa.selenium.remote.server.ServicedSession@28a94154
15:24:40.823 INFO - Handler thread for session bb616023bfc9b98ca774bc0c72bb0e4e (chrome): Executing POST on /session/bb616023bfc9b98ca774bc0c72bb0e4e/element (handler: ServicedSession)
15:24:40.824 INFO - To upstream: {"using":"css selector","value":".add-review-btn"}
15:24:40.837 INFO - To downstream: {"sessionId":"bb616023bfc9b98ca774bc0c72bb0e4e","status":0,"value":{"ELEMENT":"0.4467529132398176-29"}}
15:24:40.839 INFO - Found handler: org.openqa.selenium.remote.server.ServicedSession@28a94154
15:24:40.839 INFO - Handler thread for session bb616023bfc9b98ca774bc0c72bb0e4e (chrome): Executing POST on /session/bb616023bfc9b98ca774bc0c72bb0e4e/element/0.4467529132398176-29/click (handler: ServicedSession)
15:24:40.840 INFO - To upstream: 
15:24:40.892 INFO - To downstream: {"sessionId":"bb616023bfc9b98ca774bc0c72bb0e4e","status":0,"value":null}
15:24:40.896 INFO - Found handler: org.openqa.selenium.remote.server.ServicedSession@28a94154
15:24:40.896 INFO - Handler thread for session bb616023bfc9b98ca774bc0c72bb0e4e (chrome): Executing POST on /session/bb616023bfc9b98ca774bc0c72bb0e4e/elements (handler: ServicedSession)
15:24:40.897 INFO - To upstream: {"using":"css selector","value":".toast-message"}
15:24:40.903 INFO - To downstream: {"sessionId":"bb616023bfc9b98ca774bc0c72bb0e4e","status":0,"value":[{"ELEMENT":"0.4467529132398176-30"}]}
15:24:40.906 INFO - Found handler: org.openqa.selenium.remote.server.ServicedSession@28a94154
15:24:40.906 INFO - Handler thread for session bb616023bfc9b98ca774bc0c72bb0e4e (chrome): Executing GET on /session/bb616023bfc9b98ca774bc0c72bb0e4e/element/0.4467529132398176-30/displayed (handler: ServicedSession)
15:24:40.935 INFO - To downstream: {"sessionId":"bb616023bfc9b98ca774bc0c72bb0e4e","status":0,"value":true}
15:24:40.938 INFO - Found handler: org.openqa.selenium.remote.server.ServicedSession@28a94154
15:24:40.938 INFO - Handler thread for session bb616023bfc9b98ca774bc0c72bb0e4e (chrome): Executing POST on /session/bb616023bfc9b98ca774bc0c72bb0e4e/element (handler: ServicedSession)
15:24:40.939 INFO - To upstream: {"using":"css selector","value":".toast-message"}
15:24:40.945 INFO - To downstream: {"sessionId":"bb616023bfc9b98ca774bc0c72bb0e4e","status":0,"value":{"ELEMENT":"0.4467529132398176-30"}}
15:24:40.948 INFO - Found handler: org.openqa.selenium.remote.server.ServicedSession@28a94154
15:24:40.948 INFO - Handler thread for session bb616023bfc9b98ca774bc0c72bb0e4e (chrome): Executing GET on /session/bb616023bfc9b98ca774bc0c72bb0e4e/element/0.4467529132398176-30/text (handler: ServicedSession)
15:24:40.961 INFO - To downstream: {"sessionId":"bb616023bfc9b98ca774bc0c72bb0e4e","status":0,"value":"Review added!!"}
15:25:00.968 INFO - Found handler: org.openqa.selenium.remote.server.ServicedSession@28a94154
15:25:00.968 INFO - Handler thread for session bb616023bfc9b98ca774bc0c72bb0e4e (chrome): Executing POST on /session/bb616023bfc9b98ca774bc0c72bb0e4e/element (handler: ServicedSession)
15:25:00.970 INFO - To upstream: {"using":"css selector","value":".nav-item.dropdown.show-large"}
15:25:00.981 INFO - To downstream: {"sessionId":"bb616023bfc9b98ca774bc0c72bb0e4e","status":0,"value":{"ELEMENT":"0.4467529132398176-31"}}
15:25:00.983 INFO - Found handler: org.openqa.selenium.remote.server.ServicedSession@28a94154
15:25:00.983 INFO - Handler thread for session bb616023bfc9b98ca774bc0c72bb0e4e (chrome): Executing POST on /session/bb616023bfc9b98ca774bc0c72bb0e4e/element/0.4467529132398176-31/click (handler: ServicedSession)
15:25:00.984 INFO - To upstream: 
15:25:01.038 INFO - To downstream: {"sessionId":"bb616023bfc9b98ca774bc0c72bb0e4e","status":0,"value":null}
15:25:02.042 INFO - Found handler: org.openqa.selenium.remote.server.ServicedSession@28a94154
15:25:02.042 INFO - Handler thread for session bb616023bfc9b98ca774bc0c72bb0e4e (chrome): Executing POST on /session/bb616023bfc9b98ca774bc0c72bb0e4e/element (handler: ServicedSession)
15:25:02.043 INFO - To upstream: {"using":"css selector","value":"#favorite-drop"}
15:25:02.056 INFO - To downstream: {"sessionId":"bb616023bfc9b98ca774bc0c72bb0e4e","status":0,"value":{"ELEMENT":"0.4467529132398176-32"}}
15:25:02.058 INFO - Found handler: org.openqa.selenium.remote.server.ServicedSession@28a94154
15:25:02.059 INFO - Handler thread for session bb616023bfc9b98ca774bc0c72bb0e4e (chrome): Executing POST on /session/bb616023bfc9b98ca774bc0c72bb0e4e/element/0.4467529132398176-32/click (handler: ServicedSession)
15:25:02.059 INFO - To upstream: 
15:25:02.131 INFO - To downstream: {"sessionId":"bb616023bfc9b98ca774bc0c72bb0e4e","status":0,"value":null}
15:25:03.137 INFO - Found handler: org.openqa.selenium.remote.server.ServicedSession@28a94154
15:25:03.137 INFO - Handler thread for session bb616023bfc9b98ca774bc0c72bb0e4e (chrome): Executing POST on /session/bb616023bfc9b98ca774bc0c72bb0e4e/element (handler: ServicedSession)
15:25:03.138 INFO - To upstream: {"using":"css selector","value":".nav-item.dropdown.show-large"}
15:25:03.145 INFO - To downstream: {"sessionId":"bb616023bfc9b98ca774bc0c72bb0e4e","status":0,"value":{"ELEMENT":"0.4467529132398176-33"}}
15:25:03.147 INFO - Found handler: org.openqa.selenium.remote.server.ServicedSession@28a94154
15:25:03.147 INFO - Handler thread for session bb616023bfc9b98ca774bc0c72bb0e4e (chrome): Executing POST on /session/bb616023bfc9b98ca774bc0c72bb0e4e/element/0.4467529132398176-33/click (handler: ServicedSession)
15:25:03.147 INFO - To upstream: 
15:25:03.191 INFO - To downstream: {"sessionId":"bb616023bfc9b98ca774bc0c72bb0e4e","status":0,"value":null}
15:25:04.198 INFO - Found handler: org.openqa.selenium.remote.server.ServicedSession@28a94154
15:25:04.199 INFO - Handler thread for session bb616023bfc9b98ca774bc0c72bb0e4e (chrome): Executing POST on /session/bb616023bfc9b98ca774bc0c72bb0e4e/element (handler: ServicedSession)
15:25:04.199 INFO - To upstream: {"using":"css selector","value":"#all-recipes-drop"}
15:25:04.211 INFO - To downstream: {"sessionId":"bb616023bfc9b98ca774bc0c72bb0e4e","status":0,"value":{"ELEMENT":"0.4467529132398176-34"}}
15:25:04.214 INFO - Found handler: org.openqa.selenium.remote.server.ServicedSession@28a94154
15:25:04.214 INFO - Handler thread for session bb616023bfc9b98ca774bc0c72bb0e4e (chrome): Executing POST on /session/bb616023bfc9b98ca774bc0c72bb0e4e/element/0.4467529132398176-34/click (handler: ServicedSession)
15:25:04.215 INFO - To upstream: 
15:25:04.272 INFO - To downstream: {"sessionId":"bb616023bfc9b98ca774bc0c72bb0e4e","status":0,"value":null}
15:25:05.282 INFO - Found handler: org.openqa.selenium.remote.server.ServicedSession@28a94154
15:25:05.282 INFO - Handler thread for session bb616023bfc9b98ca774bc0c72bb0e4e (chrome): Executing POST on /session/bb616023bfc9b98ca774bc0c72bb0e4e/element (handler: ServicedSession)
15:25:05.284 INFO - To upstream: {"using":"css selector","value":".nav-item.dropdown.show-large"}
15:25:05.291 INFO - To downstream: {"sessionId":"bb616023bfc9b98ca774bc0c72bb0e4e","status":0,"value":{"ELEMENT":"0.4467529132398176-35"}}
15:25:05.293 INFO - Found handler: org.openqa.selenium.remote.server.ServicedSession@28a94154
15:25:05.293 INFO - Handler thread for session bb616023bfc9b98ca774bc0c72bb0e4e (chrome): Executing POST on /session/bb616023bfc9b98ca774bc0c72bb0e4e/element/0.4467529132398176-35/click (handler: ServicedSession)
15:25:05.294 INFO - To upstream: 
15:25:05.338 INFO - To downstream: {"sessionId":"bb616023bfc9b98ca774bc0c72bb0e4e","status":0,"value":null}
15:25:06.346 INFO - Found handler: org.openqa.selenium.remote.server.ServicedSession@28a94154
15:25:06.346 INFO - Handler thread for session bb616023bfc9b98ca774bc0c72bb0e4e (chrome): Executing POST on /session/bb616023bfc9b98ca774bc0c72bb0e4e/element (handler: ServicedSession)
15:25:06.347 INFO - To upstream: {"using":"css selector","value":"#profile-drop"}
15:25:06.359 INFO - To downstream: {"sessionId":"bb616023bfc9b98ca774bc0c72bb0e4e","status":0,"value":{"ELEMENT":"0.4467529132398176-36"}}
15:25:06.362 INFO - Found handler: org.openqa.selenium.remote.server.ServicedSession@28a94154
15:25:06.362 INFO - Handler thread for session bb616023bfc9b98ca774bc0c72bb0e4e (chrome): Executing POST on /session/bb616023bfc9b98ca774bc0c72bb0e4e/element/0.4467529132398176-36/click (handler: ServicedSession)
15:25:06.363 INFO - To upstream: 
15:25:06.435 INFO - To downstream: {"sessionId":"bb616023bfc9b98ca774bc0c72bb0e4e","status":0,"value":null}
15:25:07.444 INFO - Found handler: org.openqa.selenium.remote.server.ServicedSession@28a94154
15:25:07.445 INFO - Handler thread for session bb616023bfc9b98ca774bc0c72bb0e4e (chrome): Executing POST on /session/bb616023bfc9b98ca774bc0c72bb0e4e/element (handler: ServicedSession)
15:25:07.446 INFO - To upstream: {"using":"css selector","value":".change-password-link"}
15:25:07.457 INFO - To downstream: {"sessionId":"bb616023bfc9b98ca774bc0c72bb0e4e","status":0,"value":{"ELEMENT":"0.4467529132398176-37"}}
15:25:07.459 INFO - Found handler: org.openqa.selenium.remote.server.ServicedSession@28a94154
15:25:07.460 INFO - Handler thread for session bb616023bfc9b98ca774bc0c72bb0e4e (chrome): Executing POST on /session/bb616023bfc9b98ca774bc0c72bb0e4e/element/0.4467529132398176-37/click (handler: ServicedSession)
15:25:07.460 INFO - To upstream: 
15:25:07.525 INFO - To downstream: {"sessionId":"bb616023bfc9b98ca774bc0c72bb0e4e","status":0,"value":null}
15:25:08.531 INFO - Found handler: org.openqa.selenium.remote.server.ServicedSession@28a94154
15:25:08.532 INFO - Handler thread for session bb616023bfc9b98ca774bc0c72bb0e4e (chrome): Executing POST on /session/bb616023bfc9b98ca774bc0c72bb0e4e/element (handler: ServicedSession)
15:25:08.533 INFO - To upstream: {"using":"css selector","value":"input[name=oldPassword"}
15:25:08.544 INFO - To downstream: {"sessionId":"bb616023bfc9b98ca774bc0c72bb0e4e","status":0,"value":{"ELEMENT":"0.4467529132398176-38"}}
15:25:08.547 INFO - Found handler: org.openqa.selenium.remote.server.ServicedSession@28a94154
15:25:08.547 INFO - Handler thread for session bb616023bfc9b98ca774bc0c72bb0e4e (chrome): Executing POST on /session/bb616023bfc9b98ca774bc0c72bb0e4e/element/0.4467529132398176-38/value (handler: ServicedSession)
15:25:08.548 INFO - To upstream: {"value":["l","o","v","e","l","a","c","e"]}
15:25:08.616 INFO - To downstream: {"sessionId":"bb616023bfc9b98ca774bc0c72bb0e4e","status":0,"value":null}
15:25:09.621 INFO - Found handler: org.openqa.selenium.remote.server.ServicedSession@28a94154
15:25:09.621 INFO - Handler thread for session bb616023bfc9b98ca774bc0c72bb0e4e (chrome): Executing POST on /session/bb616023bfc9b98ca774bc0c72bb0e4e/element (handler: ServicedSession)
15:25:09.622 INFO - To upstream: {"using":"css selector","value":"input[name=password]"}
15:25:09.634 INFO - To downstream: {"sessionId":"bb616023bfc9b98ca774bc0c72bb0e4e","status":0,"value":{"ELEMENT":"0.4467529132398176-39"}}
15:25:09.636 INFO - Found handler: org.openqa.selenium.remote.server.ServicedSession@28a94154
15:25:09.637 INFO - Handler thread for session bb616023bfc9b98ca774bc0c72bb0e4e (chrome): Executing POST on /session/bb616023bfc9b98ca774bc0c72bb0e4e/element/0.4467529132398176-39/value (handler: ServicedSession)
15:25:09.637 INFO - To upstream: {"value":["l","o","v","e","l","a","c","e","1","0","0"]}
15:25:09.710 INFO - To downstream: {"sessionId":"bb616023bfc9b98ca774bc0c72bb0e4e","status":0,"value":null}
15:25:10.716 INFO - Found handler: org.openqa.selenium.remote.server.ServicedSession@28a94154
15:25:10.716 INFO - Handler thread for session bb616023bfc9b98ca774bc0c72bb0e4e (chrome): Executing POST on /session/bb616023bfc9b98ca774bc0c72bb0e4e/element (handler: ServicedSession)
15:25:10.717 INFO - To upstream: {"using":"css selector","value":".password-color"}
15:25:10.728 INFO - To downstream: {"sessionId":"bb616023bfc9b98ca774bc0c72bb0e4e","status":0,"value":{"ELEMENT":"0.4467529132398176-40"}}
15:25:10.730 INFO - Found handler: org.openqa.selenium.remote.server.ServicedSession@28a94154
15:25:10.731 INFO - Handler thread for session bb616023bfc9b98ca774bc0c72bb0e4e (chrome): Executing POST on /session/bb616023bfc9b98ca774bc0c72bb0e4e/element/0.4467529132398176-40/click (handler: ServicedSession)
15:25:10.731 INFO - To upstream: 
15:25:10.776 INFO - To downstream: {"sessionId":"bb616023bfc9b98ca774bc0c72bb0e4e","status":0,"value":null}
15:25:10.780 INFO - Found handler: org.openqa.selenium.remote.server.ServicedSession@28a94154
15:25:10.780 INFO - Handler thread for session bb616023bfc9b98ca774bc0c72bb0e4e (chrome): Executing POST on /session/bb616023bfc9b98ca774bc0c72bb0e4e/elements (handler: ServicedSession)
15:25:10.781 INFO - To upstream: {"using":"css selector","value":".toast-message"}
15:25:10.794 INFO - To downstream: {"sessionId":"bb616023bfc9b98ca774bc0c72bb0e4e","status":0,"value":[]}
15:25:11.297 INFO - Found handler: org.openqa.selenium.remote.server.ServicedSession@28a94154
15:25:11.298 INFO - Handler thread for session bb616023bfc9b98ca774bc0c72bb0e4e (chrome): Executing POST on /session/bb616023bfc9b98ca774bc0c72bb0e4e/elements (handler: ServicedSession)
15:25:11.298 INFO - To upstream: {"using":"css selector","value":".toast-message"}
15:25:11.305 INFO - To downstream: {"sessionId":"bb616023bfc9b98ca774bc0c72bb0e4e","status":0,"value":[{"ELEMENT":"0.4467529132398176-41"}]}
15:25:11.308 INFO - Found handler: org.openqa.selenium.remote.server.ServicedSession@28a94154
15:25:11.308 INFO - Handler thread for session bb616023bfc9b98ca774bc0c72bb0e4e (chrome): Executing GET on /session/bb616023bfc9b98ca774bc0c72bb0e4e/element/0.4467529132398176-41/displayed (handler: ServicedSession)
15:25:11.318 INFO - To downstream: {"sessionId":"bb616023bfc9b98ca774bc0c72bb0e4e","status":0,"value":true}
15:25:11.320 INFO - Found handler: org.openqa.selenium.remote.server.ServicedSession@28a94154
15:25:11.320 INFO - Handler thread for session bb616023bfc9b98ca774bc0c72bb0e4e (chrome): Executing POST on /session/bb616023bfc9b98ca774bc0c72bb0e4e/element (handler: ServicedSession)
15:25:11.321 INFO - To upstream: {"using":"css selector","value":".toast-message"}
15:25:11.329 INFO - To downstream: {"sessionId":"bb616023bfc9b98ca774bc0c72bb0e4e","status":0,"value":{"ELEMENT":"0.4467529132398176-41"}}
15:25:11.331 INFO - Found handler: org.openqa.selenium.remote.server.ServicedSession@28a94154
15:25:11.331 INFO - Handler thread for session bb616023bfc9b98ca774bc0c72bb0e4e (chrome): Executing GET on /session/bb616023bfc9b98ca774bc0c72bb0e4e/element/0.4467529132398176-41/text (handler: ServicedSession)
15:25:11.344 INFO - To downstream: {"sessionId":"bb616023bfc9b98ca774bc0c72bb0e4e","status":0,"value":"Password successfully changed"}
15:25:17.351 INFO - Found handler: org.openqa.selenium.remote.server.ServicedSession@28a94154
15:25:17.351 INFO - Handler thread for session bb616023bfc9b98ca774bc0c72bb0e4e (chrome): Executing POST on /session/bb616023bfc9b98ca774bc0c72bb0e4e/element (handler: ServicedSession)
15:25:17.352 INFO - To upstream: {"using":"css selector","value":".nav-item.dropdown.show-large"}
15:25:17.360 INFO - To downstream: {"sessionId":"bb616023bfc9b98ca774bc0c72bb0e4e","status":0,"value":{"ELEMENT":"0.4467529132398176-42"}}
15:25:17.363 INFO - Found handler: org.openqa.selenium.remote.server.ServicedSession@28a94154
15:25:17.363 INFO - Handler thread for session bb616023bfc9b98ca774bc0c72bb0e4e (chrome): Executing POST on /session/bb616023bfc9b98ca774bc0c72bb0e4e/element/0.4467529132398176-42/click (handler: ServicedSession)
15:25:17.364 INFO - To upstream: 
15:25:17.420 INFO - To downstream: {"sessionId":"bb616023bfc9b98ca774bc0c72bb0e4e","status":0,"value":null}
15:25:18.428 INFO - Found handler: org.openqa.selenium.remote.server.ServicedSession@28a94154
15:25:18.428 INFO - Handler thread for session bb616023bfc9b98ca774bc0c72bb0e4e (chrome): Executing POST on /session/bb616023bfc9b98ca774bc0c72bb0e4e/element (handler: ServicedSession)
15:25:18.429 INFO - To upstream: {"using":"css selector","value":"#log-out-link"}
15:25:18.442 INFO - To downstream: {"sessionId":"bb616023bfc9b98ca774bc0c72bb0e4e","status":0,"value":{"ELEMENT":"0.4467529132398176-43"}}
15:25:18.444 INFO - Found handler: org.openqa.selenium.remote.server.ServicedSession@28a94154
15:25:18.445 INFO - Handler thread for session bb616023bfc9b98ca774bc0c72bb0e4e (chrome): Executing POST on /session/bb616023bfc9b98ca774bc0c72bb0e4e/element/0.4467529132398176-43/click (handler: ServicedSession)
15:25:18.445 INFO - To upstream: 
15:25:18.521 INFO - To downstream: {"sessionId":"bb616023bfc9b98ca774bc0c72bb0e4e","status":0,"value":null}
